Analysis & Synthesis report for RX_Complete
Thu Jan 16 19:20:33 2025
Quartus Prime Version 20.1.1 Build 720 11/11/2020 SJ Lite Edition


---------------------
; Table of Contents ;
---------------------
  1. Legal Notice
  2. Analysis & Synthesis Summary
  3. Analysis & Synthesis Settings
  4. Parallel Compilation
  5. Analysis & Synthesis Source Files Read
  6. Analysis & Synthesis Resource Usage Summary
  7. Analysis & Synthesis Resource Utilization by Entity
  8. State Machine - |RX_Complete|state
  9. State Machine - |RX_Complete|uart_rx:u_uart_rx|state
 10. Registers Removed During Synthesis
 11. General Register Statistics
 12. Inverted Register Statistics
 13. Multiplexer Restructuring Statistics (Restructuring Performed)
 14. Port Connectivity Checks: "uart_rx:u_uart_rx"
 15. Post-Synthesis Netlist Statistics for Top Partition
 16. Elapsed Time Per Partition
 17. Analysis & Synthesis Messages
 18. Analysis & Synthesis Suppressed Messages



----------------
; Legal Notice ;
----------------
Copyright (C) 2020  Intel Corporation. All rights reserved.
Your use of Intel Corporation's design tools, logic functions 
and other software and tools, and any partner logic 
functions, and any output files from any of the foregoing 
(including device programming or simulation files), and any 
associated documentation or information are expressly subject 
to the terms and conditions of the Intel Program License 
Subscription Agreement, the Intel Quartus Prime License Agreement,
the Intel FPGA IP License Agreement, or other applicable license
agreement, including, without limitation, that your use is for
the sole purpose of programming logic devices manufactured by
Intel and sold by Intel or its authorized distributors.  Please
refer to the applicable agreement for further details, at
https://fpgasoftware.intel.com/eula.



+----------------------------------------------------------------------------------+
; Analysis & Synthesis Summary                                                     ;
+------------------------------------+---------------------------------------------+
; Analysis & Synthesis Status        ; Successful - Thu Jan 16 19:20:33 2025       ;
; Quartus Prime Version              ; 20.1.1 Build 720 11/11/2020 SJ Lite Edition ;
; Revision Name                      ; RX_Complete                                 ;
; Top-level Entity Name              ; RX_Complete                                 ;
; Family                             ; Cyclone IV E                                ;
; Total logic elements               ; 159                                         ;
;     Total combinational functions  ; 87                                          ;
;     Dedicated logic registers      ; 108                                         ;
; Total registers                    ; 108                                         ;
; Total pins                         ; 4                                           ;
; Total virtual pins                 ; 0                                           ;
; Total memory bits                  ; 0                                           ;
; Embedded Multiplier 9-bit elements ; 0                                           ;
; Total PLLs                         ; 0                                           ;
+------------------------------------+---------------------------------------------+


+------------------------------------------------------------------------------------------------------------+
; Analysis & Synthesis Settings                                                                              ;
+------------------------------------------------------------------+--------------------+--------------------+
; Option                                                           ; Setting            ; Default Value      ;
+------------------------------------------------------------------+--------------------+--------------------+
; Device                                                           ; EP4CE22F17C6       ;                    ;
; Top-level entity name                                            ; RX_Complete        ; RX_Complete        ;
; Family name                                                      ; Cyclone IV E       ; Cyclone V          ;
; Use smart compilation                                            ; Off                ; Off                ;
; Enable parallel Assembler and Timing Analyzer during compilation ; On                 ; On                 ;
; Enable compact report table                                      ; Off                ; Off                ;
; Restructure Multiplexers                                         ; Auto               ; Auto               ;
; Create Debugging Nodes for IP Cores                              ; Off                ; Off                ;
; Preserve fewer node names                                        ; On                 ; On                 ;
; Intel FPGA IP Evaluation Mode                                    ; Enable             ; Enable             ;
; Verilog Version                                                  ; Verilog_2001       ; Verilog_2001       ;
; VHDL Version                                                     ; VHDL_1993          ; VHDL_1993          ;
; State Machine Processing                                         ; Auto               ; Auto               ;
; Safe State Machine                                               ; Off                ; Off                ;
; Extract Verilog State Machines                                   ; On                 ; On                 ;
; Extract VHDL State Machines                                      ; On                 ; On                 ;
; Ignore Verilog initial constructs                                ; Off                ; Off                ;
; Iteration limit for constant Verilog loops                       ; 5000               ; 5000               ;
; Iteration limit for non-constant Verilog loops                   ; 250                ; 250                ;
; Add Pass-Through Logic to Inferred RAMs                          ; On                 ; On                 ;
; Infer RAMs from Raw Logic                                        ; On                 ; On                 ;
; Parallel Synthesis                                               ; On                 ; On                 ;
; DSP Block Balancing                                              ; Auto               ; Auto               ;
; NOT Gate Push-Back                                               ; On                 ; On                 ;
; Power-Up Don't Care                                              ; On                 ; On                 ;
; Remove Redundant Logic Cells                                     ; Off                ; Off                ;
; Remove Duplicate Registers                                       ; On                 ; On                 ;
; Ignore CARRY Buffers                                             ; Off                ; Off                ;
; Ignore CASCADE Buffers                                           ; Off                ; Off                ;
; Ignore GLOBAL Buffers                                            ; Off                ; Off                ;
; Ignore ROW GLOBAL Buffers                                        ; Off                ; Off                ;
; Ignore LCELL Buffers                                             ; Off                ; Off                ;
; Ignore SOFT Buffers                                              ; On                 ; On                 ;
; Limit AHDL Integers to 32 Bits                                   ; Off                ; Off                ;
; Optimization Technique                                           ; Balanced           ; Balanced           ;
; Carry Chain Length                                               ; 70                 ; 70                 ;
; Auto Carry Chains                                                ; On                 ; On                 ;
; Auto Open-Drain Pins                                             ; On                 ; On                 ;
; Perform WYSIWYG Primitive Resynthesis                            ; Off                ; Off                ;
; Auto ROM Replacement                                             ; On                 ; On                 ;
; Auto RAM Replacement                                             ; On                 ; On                 ;
; Auto DSP Block Replacement                                       ; On                 ; On                 ;
; Auto Shift Register Replacement                                  ; Auto               ; Auto               ;
; Allow Shift Register Merging across Hierarchies                  ; Auto               ; Auto               ;
; Auto Clock Enable Replacement                                    ; On                 ; On                 ;
; Strict RAM Replacement                                           ; Off                ; Off                ;
; Allow Synchronous Control Signals                                ; On                 ; On                 ;
; Force Use of Synchronous Clear Signals                           ; Off                ; Off                ;
; Auto RAM Block Balancing                                         ; On                 ; On                 ;
; Auto RAM to Logic Cell Conversion                                ; Off                ; Off                ;
; Auto Resource Sharing                                            ; Off                ; Off                ;
; Allow Any RAM Size For Recognition                               ; Off                ; Off                ;
; Allow Any ROM Size For Recognition                               ; Off                ; Off                ;
; Allow Any Shift Register Size For Recognition                    ; Off                ; Off                ;
; Use LogicLock Constraints during Resource Balancing              ; On                 ; On                 ;
; Ignore translate_off and synthesis_off directives                ; Off                ; Off                ;
; Timing-Driven Synthesis                                          ; On                 ; On                 ;
; Report Parameter Settings                                        ; On                 ; On                 ;
; Report Source Assignments                                        ; On                 ; On                 ;
; Report Connectivity Checks                                       ; On                 ; On                 ;
; Ignore Maximum Fan-Out Assignments                               ; Off                ; Off                ;
; Synchronization Register Chain Length                            ; 2                  ; 2                  ;
; Power Optimization During Synthesis                              ; Normal compilation ; Normal compilation ;
; HDL message level                                                ; Level2             ; Level2             ;
; Suppress Register Optimization Related Messages                  ; Off                ; Off                ;
; Number of Removed Registers Reported in Synthesis Report         ; 5000               ; 5000               ;
; Number of Swept Nodes Reported in Synthesis Report               ; 5000               ; 5000               ;
; Number of Inverted Registers Reported in Synthesis Report        ; 100                ; 100                ;
; Clock MUX Protection                                             ; On                 ; On                 ;
; Auto Gated Clock Conversion                                      ; Off                ; Off                ;
; Block Design Naming                                              ; Auto               ; Auto               ;
; SDC constraint protection                                        ; Off                ; Off                ;
; Synthesis Effort                                                 ; Auto               ; Auto               ;
; Shift Register Replacement - Allow Asynchronous Clear Signal     ; On                 ; On                 ;
; Pre-Mapping Resynthesis Optimization                             ; Off                ; Off                ;
; Analysis & Synthesis Message Level                               ; Medium             ; Medium             ;
; Disable Register Merging Across Hierarchies                      ; Auto               ; Auto               ;
; Resource Aware Inference For Block RAM                           ; On                 ; On                 ;
+------------------------------------------------------------------+--------------------+--------------------+


+------------------------------------------+
; Parallel Compilation                     ;
+----------------------------+-------------+
; Processors                 ; Number      ;
+----------------------------+-------------+
; Number detected on machine ; 8           ;
; Maximum allowed            ; 4           ;
;                            ;             ;
; Average used               ; 1.00        ;
; Maximum used               ; 4           ;
;                            ;             ;
; Usage by Processor         ; % Time Used ;
;     Processor 1            ; 100.0%      ;
;     Processors 2-4         ;   0.0%      ;
+----------------------------+-------------+


+--------------------------------------------------------------------------------------------------------------------------------------------------------------------------------------+
; Analysis & Synthesis Source Files Read                                                                                                                                               ;
+----------------------------------+-----------------+------------------------+----------------------------------------------------------------------------------------------+---------+
; File Name with User-Entered Path ; Used in Netlist ; File Type              ; File Name with Absolute Path                                                                 ; Library ;
+----------------------------------+-----------------+------------------------+----------------------------------------------------------------------------------------------+---------+
; uart_rx.v                        ; yes             ; User Verilog HDL File  ; C:/Users/dell/Desktop/Final_E-Yantra/Main-Version-In-Use(T5)/Rx_Complete/uart_rx.v           ;         ;
; Frequency_Scaling.v              ; yes             ; User Verilog HDL File  ; C:/Users/dell/Desktop/Final_E-Yantra/Main-Version-In-Use(T5)/Rx_Complete/Frequency_Scaling.v ;         ;
; RX_Complete.v                    ; yes             ; User Verilog HDL File  ; C:/Users/dell/Desktop/Final_E-Yantra/Main-Version-In-Use(T5)/Rx_Complete/RX_Complete.v       ;         ;
+----------------------------------+-----------------+------------------------+----------------------------------------------------------------------------------------------+---------+


+-------------------------------------------------------------------------------------------------+
; Analysis & Synthesis Resource Usage Summary                                                     ;
+---------------------------------------------+---------------------------------------------------+
; Resource                                    ; Usage                                             ;
+---------------------------------------------+---------------------------------------------------+
; Estimated Total logic elements              ; 159                                               ;
;                                             ;                                                   ;
; Total combinational functions               ; 87                                                ;
; Logic element usage by number of LUT inputs ;                                                   ;
;     -- 4 input functions                    ; 41                                                ;
;     -- 3 input functions                    ; 15                                                ;
;     -- <=2 input functions                  ; 31                                                ;
;                                             ;                                                   ;
; Logic elements by mode                      ;                                                   ;
;     -- normal mode                          ; 82                                                ;
;     -- arithmetic mode                      ; 5                                                 ;
;                                             ;                                                   ;
; Total registers                             ; 108                                               ;
;     -- Dedicated logic registers            ; 108                                               ;
;     -- I/O registers                        ; 0                                                 ;
;                                             ;                                                   ;
; I/O pins                                    ; 4                                                 ;
;                                             ;                                                   ;
; Embedded Multiplier 9-bit elements          ; 0                                                 ;
;                                             ;                                                   ;
; Maximum fan-out node                        ; Frequency_Scaling:u_Frequency_Scaling|adc_clk_out ;
; Maximum fan-out                             ; 105                                               ;
; Total fan-out                               ; 576                                               ;
; Average fan-out                             ; 2.84                                              ;
+---------------------------------------------+---------------------------------------------------+


+---------------------------------------------------------------------------------------------------------------------------------------------------------------------------------------------------------------------------------------------------------------+
; Analysis & Synthesis Resource Utilization by Entity                                                                                                                                                                                                           ;
+--------------------------------------------+---------------------+---------------------------+-------------+--------------+---------+-----------+------+--------------+----------------------------------------------------+-------------------+--------------+
; Compilation Hierarchy Node                 ; Combinational ALUTs ; Dedicated Logic Registers ; Memory Bits ; DSP Elements ; DSP 9x9 ; DSP 18x18 ; Pins ; Virtual Pins ; Full Hierarchy Name                                ; Entity Name       ; Library Name ;
+--------------------------------------------+---------------------+---------------------------+-------------+--------------+---------+-----------+------+--------------+----------------------------------------------------+-------------------+--------------+
; |RX_Complete                               ; 87 (38)             ; 108 (73)                  ; 0           ; 0            ; 0       ; 0         ; 4    ; 0            ; |RX_Complete                                       ; RX_Complete       ; work         ;
;    |Frequency_Scaling:u_Frequency_Scaling| ; 4 (4)               ; 4 (4)                     ; 0           ; 0            ; 0       ; 0         ; 0    ; 0            ; |RX_Complete|Frequency_Scaling:u_Frequency_Scaling ; Frequency_Scaling ; work         ;
;    |uart_rx:u_uart_rx|                     ; 45 (45)             ; 31 (31)                   ; 0           ; 0            ; 0       ; 0         ; 0    ; 0            ; |RX_Complete|uart_rx:u_uart_rx                     ; uart_rx           ; work         ;
+--------------------------------------------+---------------------+---------------------------+-------------+--------------+---------+-----------+------+--------------+----------------------------------------------------+-------------------+--------------+
Note: For table entries with two numbers listed, the numbers in parentheses indicate the number of resources of the given type used by the specific entity alone. The numbers listed outside of parentheses indicate the total resources of the given type used by the specific entity and all of its sub-entities in the hierarchy.


Encoding Type:  One-Hot
+-----------------------------------------------------------------------------------------------------------+
; State Machine - |RX_Complete|state                                                                        ;
+-----------+-----------+-----------+-----------+-----------+-----------+-----------+-----------+-----------+
; Name      ; state.111 ; state.110 ; state.101 ; state.100 ; state.011 ; state.010 ; state.001 ; state.000 ;
+-----------+-----------+-----------+-----------+-----------+-----------+-----------+-----------+-----------+
; state.000 ; 0         ; 0         ; 0         ; 0         ; 0         ; 0         ; 0         ; 0         ;
; state.001 ; 0         ; 0         ; 0         ; 0         ; 0         ; 0         ; 1         ; 1         ;
; state.010 ; 0         ; 0         ; 0         ; 0         ; 0         ; 1         ; 0         ; 1         ;
; state.011 ; 0         ; 0         ; 0         ; 0         ; 1         ; 0         ; 0         ; 1         ;
; state.100 ; 0         ; 0         ; 0         ; 1         ; 0         ; 0         ; 0         ; 1         ;
; state.101 ; 0         ; 0         ; 1         ; 0         ; 0         ; 0         ; 0         ; 1         ;
; state.110 ; 0         ; 1         ; 0         ; 0         ; 0         ; 0         ; 0         ; 1         ;
; state.111 ; 1         ; 0         ; 0         ; 0         ; 0         ; 0         ; 0         ; 1         ;
+-----------+-----------+-----------+-----------+-----------+-----------+-----------+-----------+-----------+


Encoding Type:  One-Hot
+----------------------------------------------------------------------------------------------+
; State Machine - |RX_Complete|uart_rx:u_uart_rx|state                                         ;
+------------------+------------------+----------------+-------------+------------+------------+
; Name             ; state.PARTIY_BIT ; state.READ_BIT ; state.START ; state.IDLE ; state.STOP ;
+------------------+------------------+----------------+-------------+------------+------------+
; state.IDLE       ; 0                ; 0              ; 0           ; 0          ; 0          ;
; state.START      ; 0                ; 0              ; 1           ; 1          ; 0          ;
; state.READ_BIT   ; 0                ; 1              ; 0           ; 1          ; 0          ;
; state.PARTIY_BIT ; 1                ; 0              ; 0           ; 1          ; 0          ;
; state.STOP       ; 0                ; 0              ; 0           ; 1          ; 1          ;
+------------------+------------------+----------------+-------------+------------+------------+


+------------------------------------------------------------+
; Registers Removed During Synthesis                         ;
+---------------------------------------+--------------------+
; Register name                         ; Reason for Removal ;
+---------------------------------------+--------------------+
; state~10                              ; Lost fanout        ;
; state~11                              ; Lost fanout        ;
; state~12                              ; Lost fanout        ;
; uart_rx:u_uart_rx|state~7             ; Lost fanout        ;
; uart_rx:u_uart_rx|state~8             ; Lost fanout        ;
; Total Number of Removed Registers = 5 ;                    ;
+---------------------------------------+--------------------+


+------------------------------------------------------+
; General Register Statistics                          ;
+----------------------------------------------+-------+
; Statistic                                    ; Value ;
+----------------------------------------------+-------+
; Total registers                              ; 108   ;
; Number of registers using Synchronous Clear  ; 0     ;
; Number of registers using Synchronous Load   ; 0     ;
; Number of registers using Asynchronous Clear ; 0     ;
; Number of registers using Asynchronous Load  ; 0     ;
; Number of registers using Clock Enable       ; 86    ;
; Number of registers using Preset             ; 0     ;
+----------------------------------------------+-------+


+--------------------------------------------------+
; Inverted Register Statistics                     ;
+----------------------------------------+---------+
; Inverted Register                      ; Fan out ;
+----------------------------------------+---------+
; uart_rx:u_uart_rx|counter[5]           ; 3       ;
; uart_rx:u_uart_rx|counter[3]           ; 3       ;
; uart_rx:u_uart_rx|counter[1]           ; 3       ;
; uart_rx:u_uart_rx|counter[4]           ; 4       ;
; uart_rx:u_uart_rx|counter[0]           ; 6       ;
; uart_rx:u_uart_rx|counter[2]           ; 7       ;
; Total number of inverted registers = 6 ;         ;
+----------------------------------------+---------+


+----------------------------------------------------------------------------------------------------------------------------------------------------------+
; Multiplexer Restructuring Statistics (Restructuring Performed)                                                                                           ;
+--------------------+-----------+---------------+----------------------+------------------------+------------+--------------------------------------------+
; Multiplexer Inputs ; Bus Width ; Baseline Area ; Area if Restructured ; Saving if Restructured ; Registered ; Example Multiplexer Output                 ;
+--------------------+-----------+---------------+----------------------+------------------------+------------+--------------------------------------------+
; 5:1                ; 8 bits    ; 24 LEs        ; 8 LEs                ; 16 LEs                 ; Yes        ; |RX_Complete|uart_rx:u_uart_rx|r_rx_msg[1] ;
; 7:1                ; 6 bits    ; 24 LEs        ; 12 LEs               ; 12 LEs                 ; Yes        ; |RX_Complete|uart_rx:u_uart_rx|counter[0]  ;
+--------------------+-----------+---------------+----------------------+------------------------+------------+--------------------------------------------+


+------------------------------------------------------------------------------------------------------------------------------------------+
; Port Connectivity Checks: "uart_rx:u_uart_rx"                                                                                            ;
+-----------+--------+----------+----------------------------------------------------------------------------------------------------------+
; Port      ; Type   ; Severity ; Details                                                                                                  ;
+-----------+--------+----------+----------------------------------------------------------------------------------------------------------+
; rx_parity ; Output ; Warning  ; Declared by entity but not connected by instance. Logic that only feeds a dangling port will be removed. ;
+-----------+--------+----------+----------------------------------------------------------------------------------------------------------+


+-----------------------------------------------------+
; Post-Synthesis Netlist Statistics for Top Partition ;
+-----------------------+-----------------------------+
; Type                  ; Count                       ;
+-----------------------+-----------------------------+
; boundary_port         ; 4                           ;
; cycloneiii_ff         ; 108                         ;
;     ENA               ; 86                          ;
;     plain             ; 22                          ;
; cycloneiii_lcell_comb ; 88                          ;
;     arith             ; 5                           ;
;         2 data inputs ; 5                           ;
;     normal            ; 83                          ;
;         0 data inputs ; 1                           ;
;         1 data inputs ; 2                           ;
;         2 data inputs ; 24                          ;
;         3 data inputs ; 15                          ;
;         4 data inputs ; 41                          ;
;                       ;                             ;
; Max LUT depth         ; 4.00                        ;
; Average LUT depth     ; 2.63                        ;
+-----------------------+-----------------------------+


+-------------------------------+
; Elapsed Time Per Partition    ;
+----------------+--------------+
; Partition Name ; Elapsed Time ;
+----------------+--------------+
; Top            ; 00:00:00     ;
+----------------+--------------+


+-------------------------------+
; Analysis & Synthesis Messages ;
+-------------------------------+
Info: *******************************************************************
Info: Running Quartus Prime Analysis & Synthesis
    Info: Version 20.1.1 Build 720 11/11/2020 SJ Lite Edition
    Info: Processing started: Thu Jan 16 19:20:23 2025
Info: Command: quartus_map --read_settings_files=on --write_settings_files=off RX_Complete -c RX_Complete
Warning (18236): Number of processors has not been specified which may cause overloading on shared machines.  Set the global assignment NUM_PARALLEL_PROCESSORS in your QSF to an appropriate value for best performance.
Info (20030): Parallel compilation is enabled and will use 4 of the 4 processors detected
Info (12021): Found 1 design units, including 1 entities, in source file uart_rx.v
    Info (12023): Found entity 1: uart_rx File: C:/Users/dell/Desktop/Final_E-Yantra/Main-Version-In-Use(T5)/Rx_Complete/uart_rx.v Line: 29
Info (12021): Found 1 design units, including 1 entities, in source file frequency_scaling.v
    Info (12023): Found entity 1: Frequency_Scaling File: C:/Users/dell/Desktop/Final_E-Yantra/Main-Version-In-Use(T5)/Rx_Complete/Frequency_Scaling.v Line: 14
Info (12021): Found 1 design units, including 1 entities, in source file rx_complete.v
    Info (12023): Found entity 1: RX_Complete File: C:/Users/dell/Desktop/Final_E-Yantra/Main-Version-In-Use(T5)/Rx_Complete/RX_Complete.v Line: 1
Info (12021): Found 1 design units, including 1 entities, in source file uart_tx.v
    Info (12023): Found entity 1: uart_tx File: C:/Users/dell/Desktop/Final_E-Yantra/Main-Version-In-Use(T5)/Rx_Complete/uart_tx.v Line: 29
Info (12021): Found 1 design units, including 1 entities, in source file output_files/uart_tx_wrapper.v
    Info (12023): Found entity 1: UART_Tx_Wrapper File: C:/Users/dell/Desktop/Final_E-Yantra/Main-Version-In-Use(T5)/Rx_Complete/output_files/UART_Tx_Wrapper.v Line: 4
Info (12127): Elaborating entity "RX_Complete" for the top level hierarchy
Warning (10036): Verilog HDL or VHDL warning at RX_Complete.v(51): object "done" assigned a value but never read File: C:/Users/dell/Desktop/Final_E-Yantra/Main-Version-In-Use(T5)/Rx_Complete/RX_Complete.v Line: 51
Info (12128): Elaborating entity "uart_rx" for hierarchy "uart_rx:u_uart_rx" File: C:/Users/dell/Desktop/Final_E-Yantra/Main-Version-In-Use(T5)/Rx_Complete/RX_Complete.v Line: 14
Warning (10230): Verilog HDL assignment warning at uart_rx.v(86): truncated value with size 32 to match size of target (6) File: C:/Users/dell/Desktop/Final_E-Yantra/Main-Version-In-Use(T5)/Rx_Complete/uart_rx.v Line: 86
Warning (10230): Verilog HDL assignment warning at uart_rx.v(100): truncated value with size 32 to match size of target (3) File: C:/Users/dell/Desktop/Final_E-Yantra/Main-Version-In-Use(T5)/Rx_Complete/uart_rx.v Line: 100
Warning (10230): Verilog HDL assignment warning at uart_rx.v(106): truncated value with size 32 to match size of target (6) File: C:/Users/dell/Desktop/Final_E-Yantra/Main-Version-In-Use(T5)/Rx_Complete/uart_rx.v Line: 106
Warning (10230): Verilog HDL assignment warning at uart_rx.v(127): truncated value with size 32 to match size of target (6) File: C:/Users/dell/Desktop/Final_E-Yantra/Main-Version-In-Use(T5)/Rx_Complete/uart_rx.v Line: 127
Warning (10230): Verilog HDL assignment warning at uart_rx.v(140): truncated value with size 32 to match size of target (6) File: C:/Users/dell/Desktop/Final_E-Yantra/Main-Version-In-Use(T5)/Rx_Complete/uart_rx.v Line: 140
Info (12128): Elaborating entity "Frequency_Scaling" for hierarchy "Frequency_Scaling:u_Frequency_Scaling" File: C:/Users/dell/Desktop/Final_E-Yantra/Main-Version-In-Use(T5)/Rx_Complete/RX_Complete.v Line: 35
Warning (12241): 1 hierarchies have connectivity warnings - see the Connectivity Checks report folder
Warning (13024): Output pins are stuck at VCC or GND
    Warning (13410): Pin "tx" is stuck at VCC File: C:/Users/dell/Desktop/Final_E-Yantra/Main-Version-In-Use(T5)/Rx_Complete/RX_Complete.v Line: 6
Info (286030): Timing-Driven Synthesis is running
Info (17049): 5 registers lost all their fanouts during netlist optimizations.
Info (144001): Generated suppressed messages file C:/Users/dell/Desktop/Final_E-Yantra/Main-Version-In-Use(T5)/Rx_Complete/output_files/RX_Complete.map.smsg
Info (16010): Generating hard_block partition "hard_block:auto_generated_inst"
    Info (16011): Adding 0 node(s), including 0 DDIO, 0 PLL, 0 transceiver and 0 LCELL
Info (21057): Implemented 163 device resources after synthesis - the final resource count might be different
    Info (21058): Implemented 2 input pins
    Info (21059): Implemented 2 output pins
    Info (21061): Implemented 159 logic cells
Info: Quartus Prime Analysis & Synthesis was successful. 0 errors, 10 warnings
    Info: Peak virtual memory: 4762 megabytes
    Info: Processing ended: Thu Jan 16 19:20:33 2025
    Info: Elapsed time: 00:00:10
    Info: Total CPU time (on all processors): 00:00:16


+------------------------------------------+
; Analysis & Synthesis Suppressed Messages ;
+------------------------------------------+
The suppressed messages can be found in C:/Users/dell/Desktop/Final_E-Yantra/Main-Version-In-Use(T5)/Rx_Complete/output_files/RX_Complete.map.smsg.


