Analysis & Elaboration report for t1c_riscv_cpu
Mon Sep 16 06:45:33 2024
Quartus Prime Version 20.1.1 Build 720 11/11/2020 SJ Lite Edition


---------------------
; Table of Contents ;
---------------------
  1. Legal Notice
  2. Analysis & Elaboration Summary
  3. Parallel Compilation
  4. Parameter Settings for User Entity Instance: riscv_cpu:rvcpu|datapath:dp|mux2:pcmux
  5. Parameter Settings for User Entity Instance: riscv_cpu:rvcpu|datapath:dp|mux2:jalrmux
  6. Parameter Settings for User Entity Instance: riscv_cpu:rvcpu|datapath:dp|reset_ff:pcreg
  7. Parameter Settings for User Entity Instance: riscv_cpu:rvcpu|datapath:dp|adder:pcadd4
  8. Parameter Settings for User Entity Instance: riscv_cpu:rvcpu|datapath:dp|adder:pcaddbranch
  9. Parameter Settings for User Entity Instance: riscv_cpu:rvcpu|datapath:dp|reg_file:rf
 10. Parameter Settings for User Entity Instance: riscv_cpu:rvcpu|datapath:dp|mux2:srcbmux
 11. Parameter Settings for User Entity Instance: riscv_cpu:rvcpu|datapath:dp|alu:alu
 12. Parameter Settings for User Entity Instance: riscv_cpu:rvcpu|datapath:dp|adder:auipcadder
 13. Parameter Settings for User Entity Instance: riscv_cpu:rvcpu|datapath:dp|mux2:lauipcMux
 14. Parameter Settings for User Entity Instance: riscv_cpu:rvcpu|datapath:dp|mux4:resultmux
 15. Parameter Settings for User Entity Instance: instr_mem:instrmem
 16. Parameter Settings for User Entity Instance: data_mem:datamem
 17. Analysis & Elaboration Settings
 18. Port Connectivity Checks: "riscv_cpu:rvcpu|datapath:dp|mux2:lauipcMux"
 19. Port Connectivity Checks: "riscv_cpu:rvcpu|datapath:dp|adder:auipcadder"
 20. Port Connectivity Checks: "riscv_cpu:rvcpu|datapath:dp|adder:pcadd4"
 21. Port Connectivity Checks: "riscv_cpu:rvcpu|controller:c"
 22. Analysis & Elaboration Messages
 23. Analysis & Elaboration Suppressed Messages



----------------
; Legal Notice ;
----------------
Copyright (C) 2020  Intel Corporation. All rights reserved.
Your use of Intel Corporation's design tools, logic functions 
and other software and tools, and any partner logic 
functions, and any output files from any of the foregoing 
(including device programming or simulation files), and any 
associated documentation or information are expressly subject 
to the terms and conditions of the Intel Program License 
Subscription Agreement, the Intel Quartus Prime License Agreement,
the Intel FPGA IP License Agreement, or other applicable license
agreement, including, without limitation, that your use is for
the sole purpose of programming logic devices manufactured by
Intel and sold by Intel or its authorized distributors.  Please
refer to the applicable agreement for further details, at
https://fpgasoftware.intel.com/eula.



+----------------------------------------------------------------------------------+
; Analysis & Elaboration Summary                                                   ;
+------------------------------------+---------------------------------------------+
; Analysis & Elaboration Status      ; Successful - Mon Sep 16 06:45:33 2024       ;
; Quartus Prime Version              ; 20.1.1 Build 720 11/11/2020 SJ Lite Edition ;
; Revision Name                      ; t1c_riscv_cpu                               ;
; Top-level Entity Name              ; t1c_riscv_cpu                               ;
; Family                             ; Cyclone IV E                                ;
; Total logic elements               ; N/A until Partition Merge                   ;
;     Total combinational functions  ; N/A until Partition Merge                   ;
;     Dedicated logic registers      ; N/A until Partition Merge                   ;
; Total registers                    ; N/A until Partition Merge                   ;
; Total pins                         ; N/A until Partition Merge                   ;
; Total virtual pins                 ; N/A until Partition Merge                   ;
; Total memory bits                  ; N/A until Partition Merge                   ;
; Embedded Multiplier 9-bit elements ; N/A until Partition Merge                   ;
; Total PLLs                         ; N/A until Partition Merge                   ;
+------------------------------------+---------------------------------------------+


+------------------------------------------+
; Parallel Compilation                     ;
+----------------------------+-------------+
; Processors                 ; Number      ;
+----------------------------+-------------+
; Number detected on machine ; 8           ;
; Maximum allowed            ; 4           ;
;                            ;             ;
; Average used               ; 1.00        ;
; Maximum used               ; 1           ;
;                            ;             ;
; Usage by Processor         ; % Time Used ;
;     Processor 1            ; 100.0%      ;
+----------------------------+-------------+


+-------------------------------------------------------------------------------------+
; Parameter Settings for User Entity Instance: riscv_cpu:rvcpu|datapath:dp|mux2:pcmux ;
+----------------+-------+------------------------------------------------------------+
; Parameter Name ; Value ; Type                                                       ;
+----------------+-------+------------------------------------------------------------+
; WIDTH          ; 32    ; Signed Integer                                             ;
+----------------+-------+------------------------------------------------------------+
Note: In order to hide this table in the UI and the text report file, please set the "Show Parameter Settings in Synthesis Report" option in "Analysis and Synthesis Settings -> More Settings" to "Off".


+---------------------------------------------------------------------------------------+
; Parameter Settings for User Entity Instance: riscv_cpu:rvcpu|datapath:dp|mux2:jalrmux ;
+----------------+-------+--------------------------------------------------------------+
; Parameter Name ; Value ; Type                                                         ;
+----------------+-------+--------------------------------------------------------------+
; WIDTH          ; 32    ; Signed Integer                                               ;
+----------------+-------+--------------------------------------------------------------+
Note: In order to hide this table in the UI and the text report file, please set the "Show Parameter Settings in Synthesis Report" option in "Analysis and Synthesis Settings -> More Settings" to "Off".


+-----------------------------------------------------------------------------------------+
; Parameter Settings for User Entity Instance: riscv_cpu:rvcpu|datapath:dp|reset_ff:pcreg ;
+----------------+-------+----------------------------------------------------------------+
; Parameter Name ; Value ; Type                                                           ;
+----------------+-------+----------------------------------------------------------------+
; WIDTH          ; 32    ; Signed Integer                                                 ;
+----------------+-------+----------------------------------------------------------------+
Note: In order to hide this table in the UI and the text report file, please set the "Show Parameter Settings in Synthesis Report" option in "Analysis and Synthesis Settings -> More Settings" to "Off".


+---------------------------------------------------------------------------------------+
; Parameter Settings for User Entity Instance: riscv_cpu:rvcpu|datapath:dp|adder:pcadd4 ;
+----------------+-------+--------------------------------------------------------------+
; Parameter Name ; Value ; Type                                                         ;
+----------------+-------+--------------------------------------------------------------+
; WIDTH          ; 32    ; Signed Integer                                               ;
+----------------+-------+--------------------------------------------------------------+
Note: In order to hide this table in the UI and the text report file, please set the "Show Parameter Settings in Synthesis Report" option in "Analysis and Synthesis Settings -> More Settings" to "Off".


+--------------------------------------------------------------------------------------------+
; Parameter Settings for User Entity Instance: riscv_cpu:rvcpu|datapath:dp|adder:pcaddbranch ;
+----------------+-------+-------------------------------------------------------------------+
; Parameter Name ; Value ; Type                                                              ;
+----------------+-------+-------------------------------------------------------------------+
; WIDTH          ; 32    ; Signed Integer                                                    ;
+----------------+-------+-------------------------------------------------------------------+
Note: In order to hide this table in the UI and the text report file, please set the "Show Parameter Settings in Synthesis Report" option in "Analysis and Synthesis Settings -> More Settings" to "Off".


+--------------------------------------------------------------------------------------+
; Parameter Settings for User Entity Instance: riscv_cpu:rvcpu|datapath:dp|reg_file:rf ;
+----------------+-------+-------------------------------------------------------------+
; Parameter Name ; Value ; Type                                                        ;
+----------------+-------+-------------------------------------------------------------+
; DATA_WIDTH     ; 32    ; Signed Integer                                              ;
+----------------+-------+-------------------------------------------------------------+
Note: In order to hide this table in the UI and the text report file, please set the "Show Parameter Settings in Synthesis Report" option in "Analysis and Synthesis Settings -> More Settings" to "Off".


+---------------------------------------------------------------------------------------+
; Parameter Settings for User Entity Instance: riscv_cpu:rvcpu|datapath:dp|mux2:srcbmux ;
+----------------+-------+--------------------------------------------------------------+
; Parameter Name ; Value ; Type                                                         ;
+----------------+-------+--------------------------------------------------------------+
; WIDTH          ; 32    ; Signed Integer                                               ;
+----------------+-------+--------------------------------------------------------------+
Note: In order to hide this table in the UI and the text report file, please set the "Show Parameter Settings in Synthesis Report" option in "Analysis and Synthesis Settings -> More Settings" to "Off".


+----------------------------------------------------------------------------------+
; Parameter Settings for User Entity Instance: riscv_cpu:rvcpu|datapath:dp|alu:alu ;
+----------------+-------+---------------------------------------------------------+
; Parameter Name ; Value ; Type                                                    ;
+----------------+-------+---------------------------------------------------------+
; WIDTH          ; 32    ; Signed Integer                                          ;
+----------------+-------+---------------------------------------------------------+
Note: In order to hide this table in the UI and the text report file, please set the "Show Parameter Settings in Synthesis Report" option in "Analysis and Synthesis Settings -> More Settings" to "Off".


+-------------------------------------------------------------------------------------------+
; Parameter Settings for User Entity Instance: riscv_cpu:rvcpu|datapath:dp|adder:auipcadder ;
+----------------+-------+------------------------------------------------------------------+
; Parameter Name ; Value ; Type                                                             ;
+----------------+-------+------------------------------------------------------------------+
; WIDTH          ; 32    ; Signed Integer                                                   ;
+----------------+-------+------------------------------------------------------------------+
Note: In order to hide this table in the UI and the text report file, please set the "Show Parameter Settings in Synthesis Report" option in "Analysis and Synthesis Settings -> More Settings" to "Off".


+-----------------------------------------------------------------------------------------+
; Parameter Settings for User Entity Instance: riscv_cpu:rvcpu|datapath:dp|mux2:lauipcMux ;
+----------------+-------+----------------------------------------------------------------+
; Parameter Name ; Value ; Type                                                           ;
+----------------+-------+----------------------------------------------------------------+
; WIDTH          ; 32    ; Signed Integer                                                 ;
+----------------+-------+----------------------------------------------------------------+
Note: In order to hide this table in the UI and the text report file, please set the "Show Parameter Settings in Synthesis Report" option in "Analysis and Synthesis Settings -> More Settings" to "Off".


+-----------------------------------------------------------------------------------------+
; Parameter Settings for User Entity Instance: riscv_cpu:rvcpu|datapath:dp|mux4:resultmux ;
+----------------+-------+----------------------------------------------------------------+
; Parameter Name ; Value ; Type                                                           ;
+----------------+-------+----------------------------------------------------------------+
; WIDTH          ; 32    ; Signed Integer                                                 ;
+----------------+-------+----------------------------------------------------------------+
Note: In order to hide this table in the UI and the text report file, please set the "Show Parameter Settings in Synthesis Report" option in "Analysis and Synthesis Settings -> More Settings" to "Off".


+-----------------------------------------------------------------+
; Parameter Settings for User Entity Instance: instr_mem:instrmem ;
+----------------+-------+----------------------------------------+
; Parameter Name ; Value ; Type                                   ;
+----------------+-------+----------------------------------------+
; DATA_WIDTH     ; 32    ; Signed Integer                         ;
; ADDR_WIDTH     ; 32    ; Signed Integer                         ;
; MEM_SIZE       ; 512   ; Signed Integer                         ;
+----------------+-------+----------------------------------------+
Note: In order to hide this table in the UI and the text report file, please set the "Show Parameter Settings in Synthesis Report" option in "Analysis and Synthesis Settings -> More Settings" to "Off".


+---------------------------------------------------------------+
; Parameter Settings for User Entity Instance: data_mem:datamem ;
+----------------+-------+--------------------------------------+
; Parameter Name ; Value ; Type                                 ;
+----------------+-------+--------------------------------------+
; DATA_WIDTH     ; 32    ; Signed Integer                       ;
; ADDR_WIDTH     ; 32    ; Signed Integer                       ;
; MEM_SIZE       ; 64    ; Signed Integer                       ;
+----------------+-------+--------------------------------------+
Note: In order to hide this table in the UI and the text report file, please set the "Show Parameter Settings in Synthesis Report" option in "Analysis and Synthesis Settings -> More Settings" to "Off".


+------------------------------------------------------------------------------------------------------------+
; Analysis & Elaboration Settings                                                                            ;
+------------------------------------------------------------------+--------------------+--------------------+
; Option                                                           ; Setting            ; Default Value      ;
+------------------------------------------------------------------+--------------------+--------------------+
; Device                                                           ; EP4CE22F17C6       ;                    ;
; Top-level entity name                                            ; t1c_riscv_cpu      ; t1c_riscv_cpu      ;
; Family name                                                      ; Cyclone IV E       ; Cyclone V          ;
; Use smart compilation                                            ; Off                ; Off                ;
; Enable parallel Assembler and Timing Analyzer during compilation ; On                 ; On                 ;
; Enable compact report table                                      ; Off                ; Off                ;
; Restructure Multiplexers                                         ; Auto               ; Auto               ;
; Create Debugging Nodes for IP Cores                              ; Off                ; Off                ;
; Preserve fewer node names                                        ; On                 ; On                 ;
; Intel FPGA IP Evaluation Mode                                    ; Enable             ; Enable             ;
; Verilog Version                                                  ; Verilog_2001       ; Verilog_2001       ;
; VHDL Version                                                     ; VHDL_1993          ; VHDL_1993          ;
; State Machine Processing                                         ; Auto               ; Auto               ;
; Safe State Machine                                               ; Off                ; Off                ;
; Extract Verilog State Machines                                   ; On                 ; On                 ;
; Extract VHDL State Machines                                      ; On                 ; On                 ;
; Ignore Verilog initial constructs                                ; Off                ; Off                ;
; Iteration limit for constant Verilog loops                       ; 5000               ; 5000               ;
; Iteration limit for non-constant Verilog loops                   ; 250                ; 250                ;
; Add Pass-Through Logic to Inferred RAMs                          ; On                 ; On                 ;
; Infer RAMs from Raw Logic                                        ; On                 ; On                 ;
; Parallel Synthesis                                               ; On                 ; On                 ;
; DSP Block Balancing                                              ; Auto               ; Auto               ;
; NOT Gate Push-Back                                               ; On                 ; On                 ;
; Power-Up Don't Care                                              ; On                 ; On                 ;
; Remove Redundant Logic Cells                                     ; Off                ; Off                ;
; Remove Duplicate Registers                                       ; On                 ; On                 ;
; Ignore CARRY Buffers                                             ; Off                ; Off                ;
; Ignore CASCADE Buffers                                           ; Off                ; Off                ;
; Ignore GLOBAL Buffers                                            ; Off                ; Off                ;
; Ignore ROW GLOBAL Buffers                                        ; Off                ; Off                ;
; Ignore LCELL Buffers                                             ; Off                ; Off                ;
; Ignore SOFT Buffers                                              ; On                 ; On                 ;
; Limit AHDL Integers to 32 Bits                                   ; Off                ; Off                ;
; Optimization Technique                                           ; Balanced           ; Balanced           ;
; Carry Chain Length                                               ; 70                 ; 70                 ;
; Auto Carry Chains                                                ; On                 ; On                 ;
; Auto Open-Drain Pins                                             ; On                 ; On                 ;
; Perform WYSIWYG Primitive Resynthesis                            ; Off                ; Off                ;
; Auto ROM Replacement                                             ; On                 ; On                 ;
; Auto RAM Replacement                                             ; On                 ; On                 ;
; Auto DSP Block Replacement                                       ; On                 ; On                 ;
; Auto Shift Register Replacement                                  ; Auto               ; Auto               ;
; Allow Shift Register Merging across Hierarchies                  ; Auto               ; Auto               ;
; Auto Clock Enable Replacement                                    ; On                 ; On                 ;
; Strict RAM Replacement                                           ; Off                ; Off                ;
; Allow Synchronous Control Signals                                ; On                 ; On                 ;
; Force Use of Synchronous Clear Signals                           ; Off                ; Off                ;
; Auto RAM Block Balancing                                         ; On                 ; On                 ;
; Auto RAM to Logic Cell Conversion                                ; Off                ; Off                ;
; Auto Resource Sharing                                            ; Off                ; Off                ;
; Allow Any RAM Size For Recognition                               ; Off                ; Off                ;
; Allow Any ROM Size For Recognition                               ; Off                ; Off                ;
; Allow Any Shift Register Size For Recognition                    ; Off                ; Off                ;
; Use LogicLock Constraints during Resource Balancing              ; On                 ; On                 ;
; Ignore translate_off and synthesis_off directives                ; Off                ; Off                ;
; Timing-Driven Synthesis                                          ; On                 ; On                 ;
; Report Parameter Settings                                        ; On                 ; On                 ;
; Report Source Assignments                                        ; On                 ; On                 ;
; Report Connectivity Checks                                       ; On                 ; On                 ;
; Ignore Maximum Fan-Out Assignments                               ; Off                ; Off                ;
; Synchronization Register Chain Length                            ; 2                  ; 2                  ;
; Power Optimization During Synthesis                              ; Normal compilation ; Normal compilation ;
; HDL message level                                                ; Level2             ; Level2             ;
; Suppress Register Optimization Related Messages                  ; Off                ; Off                ;
; Number of Removed Registers Reported in Synthesis Report         ; 5000               ; 5000               ;
; Number of Swept Nodes Reported in Synthesis Report               ; 5000               ; 5000               ;
; Number of Inverted Registers Reported in Synthesis Report        ; 100                ; 100                ;
; Clock MUX Protection                                             ; On                 ; On                 ;
; Auto Gated Clock Conversion                                      ; Off                ; Off                ;
; Block Design Naming                                              ; Auto               ; Auto               ;
; SDC constraint protection                                        ; Off                ; Off                ;
; Synthesis Effort                                                 ; Auto               ; Auto               ;
; Shift Register Replacement - Allow Asynchronous Clear Signal     ; On                 ; On                 ;
; Pre-Mapping Resynthesis Optimization                             ; Off                ; Off                ;
; Analysis & Synthesis Message Level                               ; Medium             ; Medium             ;
; Disable Register Merging Across Hierarchies                      ; Auto               ; Auto               ;
; Resource Aware Inference For Block RAM                           ; On                 ; On                 ;
+------------------------------------------------------------------+--------------------+--------------------+


+------------------------------------------------------------------------+
; Port Connectivity Checks: "riscv_cpu:rvcpu|datapath:dp|mux2:lauipcMux" ;
+-----------+-------+----------+-----------------------------------------+
; Port      ; Type  ; Severity ; Details                                 ;
+-----------+-------+----------+-----------------------------------------+
; d1[11..0] ; Input ; Info     ; Stuck at GND                            ;
+-----------+-------+----------+-----------------------------------------+


+--------------------------------------------------------------------------+
; Port Connectivity Checks: "riscv_cpu:rvcpu|datapath:dp|adder:auipcadder" ;
+----------+-------+----------+--------------------------------------------+
; Port     ; Type  ; Severity ; Details                                    ;
+----------+-------+----------+--------------------------------------------+
; a[11..0] ; Input ; Info     ; Stuck at GND                               ;
+----------+-------+----------+--------------------------------------------+


+----------------------------------------------------------------------+
; Port Connectivity Checks: "riscv_cpu:rvcpu|datapath:dp|adder:pcadd4" ;
+----------+-------+----------+----------------------------------------+
; Port     ; Type  ; Severity ; Details                                ;
+----------+-------+----------+----------------------------------------+
; b[31..3] ; Input ; Info     ; Stuck at GND                           ;
; b[1..0]  ; Input ; Info     ; Stuck at GND                           ;
; b[2]     ; Input ; Info     ; Stuck at VCC                           ;
+----------+-------+----------+----------------------------------------+


+----------------------------------------------------------------------------------------------------------------+
; Port Connectivity Checks: "riscv_cpu:rvcpu|controller:c"                                                       ;
+------+--------+----------+-------------------------------------------------------------------------------------+
; Port ; Type   ; Severity ; Details                                                                             ;
+------+--------+----------+-------------------------------------------------------------------------------------+
; Jump ; Output ; Info     ; Connected to dangling logic. Logic that only feeds a dangling port will be removed. ;
+------+--------+----------+-------------------------------------------------------------------------------------+


+---------------------------------+
; Analysis & Elaboration Messages ;
+---------------------------------+
Info: *******************************************************************
Info: Running Quartus Prime Analysis & Elaboration
    Info: Version 20.1.1 Build 720 11/11/2020 SJ Lite Edition
    Info: Processing started: Mon Sep 16 06:45:23 2024
Info: Command: quartus_map --read_settings_files=on --write_settings_files=off t1c_riscv_cpu -c t1c_riscv_cpu --analysis_and_elaboration
Warning (18236): Number of processors has not been specified which may cause overloading on shared machines.  Set the global assignment NUM_PARALLEL_PROCESSORS in your QSF to an appropriate value for best performance.
Info (20030): Parallel compilation is enabled and will use 4 of the 4 processors detected
Info (12021): Found 1 design units, including 1 entities, in source file code/t1c_riscv_cpu.v
    Info (12023): Found entity 1: t1c_riscv_cpu File: C:/Users/dell/Desktop/E-yantra/eb_3022_task1c/t1c_riscv_cpu/code/t1c_riscv_cpu.v Line: 4
Info (12021): Found 1 design units, including 1 entities, in source file code/riscv_cpu.v
    Info (12023): Found entity 1: riscv_cpu File: C:/Users/dell/Desktop/E-yantra/eb_3022_task1c/t1c_riscv_cpu/code/riscv_cpu.v Line: 4
Info (12021): Found 1 design units, including 1 entities, in source file code/instr_mem.v
    Info (12023): Found entity 1: instr_mem File: C:/Users/dell/Desktop/E-yantra/eb_3022_task1c/t1c_riscv_cpu/code/instr_mem.v Line: 4
Info (12021): Found 1 design units, including 1 entities, in source file code/data_mem.v
    Info (12023): Found entity 1: data_mem File: C:/Users/dell/Desktop/E-yantra/eb_3022_task1c/t1c_riscv_cpu/code/data_mem.v Line: 4
Info (12021): Found 1 design units, including 1 entities, in source file code/components/reset_ff.v
    Info (12023): Found entity 1: reset_ff File: C:/Users/dell/Desktop/E-yantra/eb_3022_task1c/t1c_riscv_cpu/code/components/reset_ff.v Line: 4
Info (12021): Found 1 design units, including 1 entities, in source file code/components/reg_file.v
    Info (12023): Found entity 1: reg_file File: C:/Users/dell/Desktop/E-yantra/eb_3022_task1c/t1c_riscv_cpu/code/components/reg_file.v Line: 8
Info (12021): Found 1 design units, including 1 entities, in source file code/components/mux4.v
    Info (12023): Found entity 1: mux4 File: C:/Users/dell/Desktop/E-yantra/eb_3022_task1c/t1c_riscv_cpu/code/components/mux4.v Line: 4
Info (12021): Found 1 design units, including 1 entities, in source file code/components/mux3.v
    Info (12023): Found entity 1: mux3 File: C:/Users/dell/Desktop/E-yantra/eb_3022_task1c/t1c_riscv_cpu/code/components/mux3.v Line: 4
Info (12021): Found 1 design units, including 1 entities, in source file code/components/mux2.v
    Info (12023): Found entity 1: mux2 File: C:/Users/dell/Desktop/E-yantra/eb_3022_task1c/t1c_riscv_cpu/code/components/mux2.v Line: 4
Info (12021): Found 1 design units, including 1 entities, in source file code/components/main_decoder.v
    Info (12023): Found entity 1: main_decoder File: C:/Users/dell/Desktop/E-yantra/eb_3022_task1c/t1c_riscv_cpu/code/components/main_decoder.v Line: 4
Info (12021): Found 1 design units, including 1 entities, in source file code/components/imm_extend.v
    Info (12023): Found entity 1: imm_extend File: C:/Users/dell/Desktop/E-yantra/eb_3022_task1c/t1c_riscv_cpu/code/components/imm_extend.v Line: 3
Info (12021): Found 1 design units, including 1 entities, in source file code/components/datapath.v
    Info (12023): Found entity 1: datapath File: C:/Users/dell/Desktop/E-yantra/eb_3022_task1c/t1c_riscv_cpu/code/components/datapath.v Line: 3
Info (12021): Found 1 design units, including 1 entities, in source file code/components/controller.v
    Info (12023): Found entity 1: controller File: C:/Users/dell/Desktop/E-yantra/eb_3022_task1c/t1c_riscv_cpu/code/components/controller.v Line: 4
Info (12021): Found 1 design units, including 1 entities, in source file code/components/alu_decoder.v
    Info (12023): Found entity 1: alu_decoder File: C:/Users/dell/Desktop/E-yantra/eb_3022_task1c/t1c_riscv_cpu/code/components/alu_decoder.v Line: 4
Info (12021): Found 1 design units, including 1 entities, in source file code/components/alu.v
    Info (12023): Found entity 1: alu File: C:/Users/dell/Desktop/E-yantra/eb_3022_task1c/t1c_riscv_cpu/code/components/alu.v Line: 4
Info (12021): Found 1 design units, including 1 entities, in source file code/components/adder.v
    Info (12023): Found entity 1: adder File: C:/Users/dell/Desktop/E-yantra/eb_3022_task1c/t1c_riscv_cpu/code/components/adder.v Line: 4
Warning (10236): Verilog HDL Implicit Net warning at riscv_cpu.v(19): created implicit net for "PCSrc" File: C:/Users/dell/Desktop/E-yantra/eb_3022_task1c/t1c_riscv_cpu/code/riscv_cpu.v Line: 19
Info (12127): Elaborating entity "t1c_riscv_cpu" for the top level hierarchy
Warning (10230): Verilog HDL assignment warning at t1c_riscv_cpu.v(24): truncated value with size 32 to match size of target (1) File: C:/Users/dell/Desktop/E-yantra/eb_3022_task1c/t1c_riscv_cpu/code/t1c_riscv_cpu.v Line: 24
Info (12128): Elaborating entity "riscv_cpu" for hierarchy "riscv_cpu:rvcpu" File: C:/Users/dell/Desktop/E-yantra/eb_3022_task1c/t1c_riscv_cpu/code/t1c_riscv_cpu.v Line: 20
Info (12128): Elaborating entity "controller" for hierarchy "riscv_cpu:rvcpu|controller:c" File: C:/Users/dell/Desktop/E-yantra/eb_3022_task1c/t1c_riscv_cpu/code/riscv_cpu.v Line: 20
Info (12128): Elaborating entity "main_decoder" for hierarchy "riscv_cpu:rvcpu|controller:c|main_decoder:md" File: C:/Users/dell/Desktop/E-yantra/eb_3022_task1c/t1c_riscv_cpu/code/components/controller.v Line: 21
Info (12128): Elaborating entity "alu_decoder" for hierarchy "riscv_cpu:rvcpu|controller:c|alu_decoder:ad" File: C:/Users/dell/Desktop/E-yantra/eb_3022_task1c/t1c_riscv_cpu/code/components/controller.v Line: 23
Info (12128): Elaborating entity "datapath" for hierarchy "riscv_cpu:rvcpu|datapath:dp" File: C:/Users/dell/Desktop/E-yantra/eb_3022_task1c/t1c_riscv_cpu/code/riscv_cpu.v Line: 24
Info (12128): Elaborating entity "mux2" for hierarchy "riscv_cpu:rvcpu|datapath:dp|mux2:pcmux" File: C:/Users/dell/Desktop/E-yantra/eb_3022_task1c/t1c_riscv_cpu/code/components/datapath.v Line: 23
Info (12128): Elaborating entity "reset_ff" for hierarchy "riscv_cpu:rvcpu|datapath:dp|reset_ff:pcreg" File: C:/Users/dell/Desktop/E-yantra/eb_3022_task1c/t1c_riscv_cpu/code/components/datapath.v Line: 26
Info (12128): Elaborating entity "adder" for hierarchy "riscv_cpu:rvcpu|datapath:dp|adder:pcadd4" File: C:/Users/dell/Desktop/E-yantra/eb_3022_task1c/t1c_riscv_cpu/code/components/datapath.v Line: 27
Info (12128): Elaborating entity "reg_file" for hierarchy "riscv_cpu:rvcpu|datapath:dp|reg_file:rf" File: C:/Users/dell/Desktop/E-yantra/eb_3022_task1c/t1c_riscv_cpu/code/components/datapath.v Line: 31
Info (12128): Elaborating entity "imm_extend" for hierarchy "riscv_cpu:rvcpu|datapath:dp|imm_extend:ext" File: C:/Users/dell/Desktop/E-yantra/eb_3022_task1c/t1c_riscv_cpu/code/components/datapath.v Line: 32
Info (12128): Elaborating entity "alu" for hierarchy "riscv_cpu:rvcpu|datapath:dp|alu:alu" File: C:/Users/dell/Desktop/E-yantra/eb_3022_task1c/t1c_riscv_cpu/code/components/datapath.v Line: 36
Info (12128): Elaborating entity "mux4" for hierarchy "riscv_cpu:rvcpu|datapath:dp|mux4:resultmux" File: C:/Users/dell/Desktop/E-yantra/eb_3022_task1c/t1c_riscv_cpu/code/components/datapath.v Line: 43
Info (12128): Elaborating entity "instr_mem" for hierarchy "instr_mem:instrmem" File: C:/Users/dell/Desktop/E-yantra/eb_3022_task1c/t1c_riscv_cpu/code/t1c_riscv_cpu.v Line: 21
Warning (10850): Verilog HDL warning at instr_mem.v(14): number of words (79) in memory file does not match the number of elements in the address range [0:511] File: C:/Users/dell/Desktop/E-yantra/eb_3022_task1c/t1c_riscv_cpu/code/instr_mem.v Line: 14
Warning (10030): Net "instr_ram.data_a" at instr_mem.v(10) has no driver or initial value, using a default initial value '0' File: C:/Users/dell/Desktop/E-yantra/eb_3022_task1c/t1c_riscv_cpu/code/instr_mem.v Line: 10
Warning (10030): Net "instr_ram.waddr_a" at instr_mem.v(10) has no driver or initial value, using a default initial value '0' File: C:/Users/dell/Desktop/E-yantra/eb_3022_task1c/t1c_riscv_cpu/code/instr_mem.v Line: 10
Warning (10030): Net "instr_ram.we_a" at instr_mem.v(10) has no driver or initial value, using a default initial value '0' File: C:/Users/dell/Desktop/E-yantra/eb_3022_task1c/t1c_riscv_cpu/code/instr_mem.v Line: 10
Info (12128): Elaborating entity "data_mem" for hierarchy "data_mem:datamem" File: C:/Users/dell/Desktop/E-yantra/eb_3022_task1c/t1c_riscv_cpu/code/t1c_riscv_cpu.v Line: 22
Info (144001): Generated suppressed messages file C:/Users/dell/Desktop/E-yantra/eb_3022_task1c/t1c_riscv_cpu/output_files/t1c_riscv_cpu.map.smsg
Info: Quartus Prime Analysis & Elaboration was successful. 0 errors, 7 warnings
    Info: Peak virtual memory: 4703 megabytes
    Info: Processing ended: Mon Sep 16 06:45:33 2024
    Info: Elapsed time: 00:00:10
    Info: Total CPU time (on all processors): 00:00:14


+--------------------------------------------+
; Analysis & Elaboration Suppressed Messages ;
+--------------------------------------------+
The suppressed messages can be found in C:/Users/dell/Desktop/E-yantra/eb_3022_task1c/t1c_riscv_cpu/output_files/t1c_riscv_cpu.map.smsg.


