Analysis & Synthesis report for Servo_Controller
Sun Jan 26 00:43:27 2025
Quartus Prime Version 20.1.1 Build 720 11/11/2020 SJ Lite Edition


---------------------
; Table of Contents ;
---------------------
  1. Legal Notice
  2. Analysis & Synthesis Summary
  3. Analysis & Synthesis Settings
  4. Parallel Compilation
  5. Analysis & Synthesis Source Files Read
  6. Analysis & Synthesis Resource Usage Summary
  7. Analysis & Synthesis Resource Utilization by Entity
  8. Registers Removed During Synthesis
  9. General Register Statistics
 10. Inverted Register Statistics
 11. Multiplexer Restructuring Statistics (Restructuring Performed)
 12. Port Connectivity Checks: "Base_Controller:u2_Base_Controller"
 13. Port Connectivity Checks: "Base_Controller:u1_Base_Controller"
 14. Post-Synthesis Netlist Statistics for Top Partition
 15. Elapsed Time Per Partition
 16. Analysis & Synthesis Messages



----------------
; Legal Notice ;
----------------
Copyright (C) 2020  Intel Corporation. All rights reserved.
Your use of Intel Corporation's design tools, logic functions 
and other software and tools, and any partner logic 
functions, and any output files from any of the foregoing 
(including device programming or simulation files), and any 
associated documentation or information are expressly subject 
to the terms and conditions of the Intel Program License 
Subscription Agreement, the Intel Quartus Prime License Agreement,
the Intel FPGA IP License Agreement, or other applicable license
agreement, including, without limitation, that your use is for
the sole purpose of programming logic devices manufactured by
Intel and sold by Intel or its authorized distributors.  Please
refer to the applicable agreement for further details, at
https://fpgasoftware.intel.com/eula.



+----------------------------------------------------------------------------------+
; Analysis & Synthesis Summary                                                     ;
+------------------------------------+---------------------------------------------+
; Analysis & Synthesis Status        ; Successful - Sun Jan 26 00:43:27 2025       ;
; Quartus Prime Version              ; 20.1.1 Build 720 11/11/2020 SJ Lite Edition ;
; Revision Name                      ; Servo_Controller                            ;
; Top-level Entity Name              ; Servo_Controller                            ;
; Family                             ; Cyclone IV E                                ;
; Total logic elements               ; 150                                         ;
;     Total combinational functions  ; 150                                         ;
;     Dedicated logic registers      ; 75                                          ;
; Total registers                    ; 75                                          ;
; Total pins                         ; 5                                           ;
; Total virtual pins                 ; 0                                           ;
; Total memory bits                  ; 0                                           ;
; Embedded Multiplier 9-bit elements ; 0                                           ;
; Total PLLs                         ; 0                                           ;
+------------------------------------+---------------------------------------------+


+------------------------------------------------------------------------------------------------------------+
; Analysis & Synthesis Settings                                                                              ;
+------------------------------------------------------------------+--------------------+--------------------+
; Option                                                           ; Setting            ; Default Value      ;
+------------------------------------------------------------------+--------------------+--------------------+
; Device                                                           ; EP4CE22F17C6       ;                    ;
; Top-level entity name                                            ; Servo_Controller   ; Servo_Controller   ;
; Family name                                                      ; Cyclone IV E       ; Cyclone V          ;
; Use smart compilation                                            ; Off                ; Off                ;
; Enable parallel Assembler and Timing Analyzer during compilation ; On                 ; On                 ;
; Enable compact report table                                      ; Off                ; Off                ;
; Restructure Multiplexers                                         ; Auto               ; Auto               ;
; Create Debugging Nodes for IP Cores                              ; Off                ; Off                ;
; Preserve fewer node names                                        ; On                 ; On                 ;
; Intel FPGA IP Evaluation Mode                                    ; Enable             ; Enable             ;
; Verilog Version                                                  ; Verilog_2001       ; Verilog_2001       ;
; VHDL Version                                                     ; VHDL_1993          ; VHDL_1993          ;
; State Machine Processing                                         ; Auto               ; Auto               ;
; Safe State Machine                                               ; Off                ; Off                ;
; Extract Verilog State Machines                                   ; On                 ; On                 ;
; Extract VHDL State Machines                                      ; On                 ; On                 ;
; Ignore Verilog initial constructs                                ; Off                ; Off                ;
; Iteration limit for constant Verilog loops                       ; 5000               ; 5000               ;
; Iteration limit for non-constant Verilog loops                   ; 250                ; 250                ;
; Add Pass-Through Logic to Inferred RAMs                          ; On                 ; On                 ;
; Infer RAMs from Raw Logic                                        ; On                 ; On                 ;
; Parallel Synthesis                                               ; On                 ; On                 ;
; DSP Block Balancing                                              ; Auto               ; Auto               ;
; NOT Gate Push-Back                                               ; On                 ; On                 ;
; Power-Up Don't Care                                              ; On                 ; On                 ;
; Remove Redundant Logic Cells                                     ; Off                ; Off                ;
; Remove Duplicate Registers                                       ; On                 ; On                 ;
; Ignore CARRY Buffers                                             ; Off                ; Off                ;
; Ignore CASCADE Buffers                                           ; Off                ; Off                ;
; Ignore GLOBAL Buffers                                            ; Off                ; Off                ;
; Ignore ROW GLOBAL Buffers                                        ; Off                ; Off                ;
; Ignore LCELL Buffers                                             ; Off                ; Off                ;
; Ignore SOFT Buffers                                              ; On                 ; On                 ;
; Limit AHDL Integers to 32 Bits                                   ; Off                ; Off                ;
; Optimization Technique                                           ; Balanced           ; Balanced           ;
; Carry Chain Length                                               ; 70                 ; 70                 ;
; Auto Carry Chains                                                ; On                 ; On                 ;
; Auto Open-Drain Pins                                             ; On                 ; On                 ;
; Perform WYSIWYG Primitive Resynthesis                            ; Off                ; Off                ;
; Auto ROM Replacement                                             ; On                 ; On                 ;
; Auto RAM Replacement                                             ; On                 ; On                 ;
; Auto DSP Block Replacement                                       ; On                 ; On                 ;
; Auto Shift Register Replacement                                  ; Auto               ; Auto               ;
; Allow Shift Register Merging across Hierarchies                  ; Auto               ; Auto               ;
; Auto Clock Enable Replacement                                    ; On                 ; On                 ;
; Strict RAM Replacement                                           ; Off                ; Off                ;
; Allow Synchronous Control Signals                                ; On                 ; On                 ;
; Force Use of Synchronous Clear Signals                           ; Off                ; Off                ;
; Auto RAM Block Balancing                                         ; On                 ; On                 ;
; Auto RAM to Logic Cell Conversion                                ; Off                ; Off                ;
; Auto Resource Sharing                                            ; Off                ; Off                ;
; Allow Any RAM Size For Recognition                               ; Off                ; Off                ;
; Allow Any ROM Size For Recognition                               ; Off                ; Off                ;
; Allow Any Shift Register Size For Recognition                    ; Off                ; Off                ;
; Use LogicLock Constraints during Resource Balancing              ; On                 ; On                 ;
; Ignore translate_off and synthesis_off directives                ; Off                ; Off                ;
; Timing-Driven Synthesis                                          ; On                 ; On                 ;
; Report Parameter Settings                                        ; On                 ; On                 ;
; Report Source Assignments                                        ; On                 ; On                 ;
; Report Connectivity Checks                                       ; On                 ; On                 ;
; Ignore Maximum Fan-Out Assignments                               ; Off                ; Off                ;
; Synchronization Register Chain Length                            ; 2                  ; 2                  ;
; Power Optimization During Synthesis                              ; Normal compilation ; Normal compilation ;
; HDL message level                                                ; Level2             ; Level2             ;
; Suppress Register Optimization Related Messages                  ; Off                ; Off                ;
; Number of Removed Registers Reported in Synthesis Report         ; 5000               ; 5000               ;
; Number of Swept Nodes Reported in Synthesis Report               ; 5000               ; 5000               ;
; Number of Inverted Registers Reported in Synthesis Report        ; 100                ; 100                ;
; Clock MUX Protection                                             ; On                 ; On                 ;
; Auto Gated Clock Conversion                                      ; Off                ; Off                ;
; Block Design Naming                                              ; Auto               ; Auto               ;
; SDC constraint protection                                        ; Off                ; Off                ;
; Synthesis Effort                                                 ; Auto               ; Auto               ;
; Shift Register Replacement - Allow Asynchronous Clear Signal     ; On                 ; On                 ;
; Pre-Mapping Resynthesis Optimization                             ; Off                ; Off                ;
; Analysis & Synthesis Message Level                               ; Medium             ; Medium             ;
; Disable Register Merging Across Hierarchies                      ; Auto               ; Auto               ;
; Resource Aware Inference For Block RAM                           ; On                 ; On                 ;
+------------------------------------------------------------------+--------------------+--------------------+


+------------------------------------------+
; Parallel Compilation                     ;
+----------------------------+-------------+
; Processors                 ; Number      ;
+----------------------------+-------------+
; Number detected on machine ; 8           ;
; Maximum allowed            ; 4           ;
;                            ;             ;
; Average used               ; 1.00        ;
; Maximum used               ; 4           ;
;                            ;             ;
; Usage by Processor         ; % Time Used ;
;     Processor 1            ; 100.0%      ;
;     Processor 2            ;   0.0%      ;
;     Processors 3-4         ;   0.0%      ;
+----------------------------+-------------+


+-------------------------------------------------------------------------------------------------------------------------------------------------------------------------------+
; Analysis & Synthesis Source Files Read                                                                                                                                        ;
+----------------------------------+-----------------+------------------------+---------------------------------------------------------------------------------------+---------+
; File Name with User-Entered Path ; Used in Netlist ; File Type              ; File Name with Absolute Path                                                          ; Library ;
+----------------------------------+-----------------+------------------------+---------------------------------------------------------------------------------------+---------+
; pwm_generator.v                  ; yes             ; User Verilog HDL File  ; C:/Users/dell/Desktop/Final_E-Yantra/Main-Version-In-Use(T5)/Servo/pwm_generator.v    ;         ;
; Servo_Controller.v               ; yes             ; User Verilog HDL File  ; C:/Users/dell/Desktop/Final_E-Yantra/Main-Version-In-Use(T5)/Servo/Servo_Controller.v ;         ;
+----------------------------------+-----------------+------------------------+---------------------------------------------------------------------------------------+---------+


+---------------------------------------------------------------+
; Analysis & Synthesis Resource Usage Summary                   ;
+---------------------------------------------+-----------------+
; Resource                                    ; Usage           ;
+---------------------------------------------+-----------------+
; Estimated Total logic elements              ; 150             ;
;                                             ;                 ;
; Total combinational functions               ; 150             ;
; Logic element usage by number of LUT inputs ;                 ;
;     -- 4 input functions                    ; 65              ;
;     -- 3 input functions                    ; 11              ;
;     -- <=2 input functions                  ; 74              ;
;                                             ;                 ;
; Logic elements by mode                      ;                 ;
;     -- normal mode                          ; 91              ;
;     -- arithmetic mode                      ; 59              ;
;                                             ;                 ;
; Total registers                             ; 75              ;
;     -- Dedicated logic registers            ; 75              ;
;     -- I/O registers                        ; 0               ;
;                                             ;                 ;
; I/O pins                                    ; 5               ;
;                                             ;                 ;
; Embedded Multiplier 9-bit elements          ; 0               ;
;                                             ;                 ;
; Maximum fan-out node                        ; clk_50MHz~input ;
; Maximum fan-out                             ; 41              ;
; Total fan-out                               ; 624             ;
; Average fan-out                             ; 2.66            ;
+---------------------------------------------+-----------------+


+-------------------------------------------------------------------------------------------------------------------------------------------------------------------------------------------------------------------------------------------------------------+
; Analysis & Synthesis Resource Utilization by Entity                                                                                                                                                                                                         ;
+-----------------------------------------+---------------------+---------------------------+-------------+--------------+---------+-----------+------+--------------+------------------------------------------------------+------------------+--------------+
; Compilation Hierarchy Node              ; Combinational ALUTs ; Dedicated Logic Registers ; Memory Bits ; DSP Elements ; DSP 9x9 ; DSP 18x18 ; Pins ; Virtual Pins ; Full Hierarchy Name                                  ; Entity Name      ; Library Name ;
+-----------------------------------------+---------------------+---------------------------+-------------+--------------+---------+-----------+------+--------------+------------------------------------------------------+------------------+--------------+
; |Servo_Controller                       ; 150 (50)            ; 75 (34)                   ; 0           ; 0            ; 0       ; 0         ; 5    ; 0            ; |Servo_Controller                                    ; Servo_Controller ; work         ;
;    |Base_Controller:u1_Base_Controller| ; 54 (54)             ; 23 (23)                   ; 0           ; 0            ; 0       ; 0         ; 0    ; 0            ; |Servo_Controller|Base_Controller:u1_Base_Controller ; Base_Controller  ; work         ;
;    |Base_Controller:u2_Base_Controller| ; 46 (46)             ; 18 (18)                   ; 0           ; 0            ; 0       ; 0         ; 0    ; 0            ; |Servo_Controller|Base_Controller:u2_Base_Controller ; Base_Controller  ; work         ;
+-----------------------------------------+---------------------+---------------------------+-------------+--------------+---------+-----------+------+--------------+------------------------------------------------------+------------------+--------------+
Note: For table entries with two numbers listed, the numbers in parentheses indicate the number of resources of the given type used by the specific entity alone. The numbers listed outside of parentheses indicate the total resources of the given type used by the specific entity and all of its sub-entities in the hierarchy.


+-----------------------------------------------------------------------------------------------------------+
; Registers Removed During Synthesis                                                                        ;
+-----------------------------------------------+-----------------------------------------------------------+
; Register name                                 ; Reason for Removal                                        ;
+-----------------------------------------------+-----------------------------------------------------------+
; value1[1,2,4,11..20]                          ; Merged with value1[0]                                     ;
; value1[9]                                     ; Merged with value1[6]                                     ;
; value1[5,7,8]                                 ; Merged with value1[3]                                     ;
; value2[2,5,6,8,11..20]                        ; Merged with value2[0]                                     ;
; value2[4]                                     ; Merged with value2[10]                                    ;
; value2[9]                                     ; Merged with value2[7]                                     ;
; value2[3]                                     ; Merged with value2[1]                                     ;
; state[3]                                      ; Merged with state[2]                                      ;
; Base_Controller:u2_Base_Controller|counter[0] ; Merged with Base_Controller:u1_Base_Controller|counter[0] ;
; Base_Controller:u2_Base_Controller|counter[1] ; Merged with Base_Controller:u1_Base_Controller|counter[1] ;
; Base_Controller:u2_Base_Controller|counter[2] ; Merged with Base_Controller:u1_Base_Controller|counter[2] ;
; Base_Controller:u2_Base_Controller|counter[3] ; Merged with Base_Controller:u1_Base_Controller|counter[3] ;
; Base_Controller:u2_Base_Controller|counter[4] ; Merged with Base_Controller:u1_Base_Controller|counter[4] ;
; value1[0]                                     ; Stuck at GND due to stuck port data_in                    ;
; value1[6]                                     ; Stuck at VCC due to stuck port data_in                    ;
; value2[0]                                     ; Stuck at GND due to stuck port data_in                    ;
; value2[1]                                     ; Stuck at VCC due to stuck port data_in                    ;
; state[2]                                      ; Stuck at GND due to stuck port clock_enable               ;
; value1[10]                                    ; Merged with value1[3]                                     ;
; Total Number of Removed Registers = 46        ;                                                           ;
+-----------------------------------------------+-----------------------------------------------------------+


+------------------------------------------------------+
; General Register Statistics                          ;
+----------------------------------------------+-------+
; Statistic                                    ; Value ;
+----------------------------------------------+-------+
; Total registers                              ; 75    ;
; Number of registers using Synchronous Clear  ; 0     ;
; Number of registers using Synchronous Load   ; 0     ;
; Number of registers using Asynchronous Clear ; 0     ;
; Number of registers using Asynchronous Load  ; 0     ;
; Number of registers using Clock Enable       ; 32    ;
; Number of registers using Preset             ; 0     ;
+----------------------------------------------+-------+


+--------------------------------------------------------------+
; Inverted Register Statistics                                 ;
+----------------------------------------------------+---------+
; Inverted Register                                  ; Fan out ;
+----------------------------------------------------+---------+
; value1[3]                                          ; 3       ;
; Base_Controller:u1_Base_Controller|pwm_counter[5]  ; 3       ;
; Base_Controller:u1_Base_Controller|pwm_counter[3]  ; 2       ;
; Base_Controller:u1_Base_Controller|pwm_counter[4]  ; 2       ;
; Base_Controller:u1_Base_Controller|pwm_counter[12] ; 3       ;
; Base_Controller:u1_Base_Controller|pwm_counter[13] ; 3       ;
; Base_Controller:u1_Base_Controller|pwm_counter[15] ; 3       ;
; Base_Controller:u1_Base_Controller|pwm_counter[16] ; 3       ;
; Base_Controller:u1_Base_Controller|pwm_counter[11] ; 3       ;
; Base_Controller:u1_Base_Controller|pwm_counter[14] ; 19      ;
; Base_Controller:u1_Base_Controller|pwm_counter[10] ; 5       ;
; Base_Controller:u1_Base_Controller|pwm_counter[9]  ; 3       ;
; Base_Controller:u1_Base_Controller|pwm_counter[6]  ; 3       ;
; Base_Controller:u1_Base_Controller|pwm_counter[7]  ; 3       ;
; Base_Controller:u1_Base_Controller|pwm_counter[8]  ; 3       ;
; Base_Controller:u2_Base_Controller|pwm_counter[10] ; 3       ;
; Base_Controller:u2_Base_Controller|pwm_counter[12] ; 2       ;
; Base_Controller:u2_Base_Controller|pwm_counter[13] ; 2       ;
; Base_Controller:u2_Base_Controller|pwm_counter[15] ; 2       ;
; Base_Controller:u2_Base_Controller|pwm_counter[16] ; 2       ;
; Base_Controller:u2_Base_Controller|pwm_counter[11] ; 3       ;
; Base_Controller:u2_Base_Controller|pwm_counter[14] ; 19      ;
; value2[7]                                          ; 1       ;
; Base_Controller:u2_Base_Controller|pwm_counter[9]  ; 4       ;
; Base_Controller:u2_Base_Controller|pwm_counter[8]  ; 3       ;
; Base_Controller:u2_Base_Controller|pwm_counter[7]  ; 3       ;
; Base_Controller:u2_Base_Controller|pwm_counter[5]  ; 2       ;
; Base_Controller:u2_Base_Controller|pwm_counter[6]  ; 2       ;
; Base_Controller:u2_Base_Controller|pwm_counter[4]  ; 2       ;
; Base_Controller:u2_Base_Controller|pwm_counter[3]  ; 2       ;
; Base_Controller:u2_Base_Controller|pwm_counter[2]  ; 2       ;
; Base_Controller:u2_Base_Controller|pwm_counter[1]  ; 2       ;
; Base_Controller:u1_Base_Controller|pwm_counter[2]  ; 1       ;
; Base_Controller:u1_Base_Controller|pwm_counter[1]  ; 1       ;
; Base_Controller:u1_Base_Controller|pwm_counter[0]  ; 1       ;
; Base_Controller:u2_Base_Controller|pwm_counter[0]  ; 1       ;
; Total number of inverted registers = 36            ;         ;
+----------------------------------------------------+---------+


+--------------------------------------------------------------------------------------------------------------------------------------------+
; Multiplexer Restructuring Statistics (Restructuring Performed)                                                                             ;
+--------------------+-----------+---------------+----------------------+------------------------+------------+------------------------------+
; Multiplexer Inputs ; Bus Width ; Baseline Area ; Area if Restructured ; Saving if Restructured ; Registered ; Example Multiplexer Output   ;
+--------------------+-----------+---------------+----------------------+------------------------+------------+------------------------------+
; 9:1                ; 2 bits    ; 12 LEs        ; 2 LEs                ; 10 LEs                 ; Yes        ; |Servo_Controller|value1[10] ;
; 11:1               ; 3 bits    ; 21 LEs        ; 15 LEs               ; 6 LEs                  ; Yes        ; |Servo_Controller|state[1]   ;
; 9:1                ; 2 bits    ; 12 LEs        ; 2 LEs                ; 10 LEs                 ; Yes        ; |Servo_Controller|value1[3]  ;
+--------------------+-----------+---------------+----------------------+------------------------+------------+------------------------------+


+-------------------------------------------------------------------------------------------------------------------------------------------------------------------------+
; Port Connectivity Checks: "Base_Controller:u2_Base_Controller"                                                                                                          ;
+------+--------+----------+----------------------------------------------------------------------------------------------------------------------------------------------+
; Port ; Type   ; Severity ; Details                                                                                                                                      ;
+------+--------+----------+----------------------------------------------------------------------------------------------------------------------------------------------+
; ir   ; Input  ; Warning  ; Declared by entity but not connected by instance. If a default value exists, it will be used.  Otherwise, the port will be connected to GND. ;
; led  ; Output ; Warning  ; Declared by entity but not connected by instance. Logic that only feeds a dangling port will be removed.                                     ;
+------+--------+----------+----------------------------------------------------------------------------------------------------------------------------------------------+


+-------------------------------------------------------------------------------------------------------------------------------------------------------------------------+
; Port Connectivity Checks: "Base_Controller:u1_Base_Controller"                                                                                                          ;
+------+--------+----------+----------------------------------------------------------------------------------------------------------------------------------------------+
; Port ; Type   ; Severity ; Details                                                                                                                                      ;
+------+--------+----------+----------------------------------------------------------------------------------------------------------------------------------------------+
; ir   ; Input  ; Warning  ; Declared by entity but not connected by instance. If a default value exists, it will be used.  Otherwise, the port will be connected to GND. ;
; led  ; Output ; Warning  ; Declared by entity but not connected by instance. Logic that only feeds a dangling port will be removed.                                     ;
+------+--------+----------+----------------------------------------------------------------------------------------------------------------------------------------------+


+-----------------------------------------------------+
; Post-Synthesis Netlist Statistics for Top Partition ;
+-----------------------+-----------------------------+
; Type                  ; Count                       ;
+-----------------------+-----------------------------+
; boundary_port         ; 5                           ;
; cycloneiii_ff         ; 75                          ;
;     ENA               ; 32                          ;
;     plain             ; 43                          ;
; cycloneiii_lcell_comb ; 150                         ;
;     arith             ; 59                          ;
;         2 data inputs ; 59                          ;
;     normal            ; 91                          ;
;         1 data inputs ; 7                           ;
;         2 data inputs ; 8                           ;
;         3 data inputs ; 11                          ;
;         4 data inputs ; 65                          ;
;                       ;                             ;
; Max LUT depth         ; 5.00                        ;
; Average LUT depth     ; 3.27                        ;
+-----------------------+-----------------------------+


+-------------------------------+
; Elapsed Time Per Partition    ;
+----------------+--------------+
; Partition Name ; Elapsed Time ;
+----------------+--------------+
; Top            ; 00:00:01     ;
+----------------+--------------+


+-------------------------------+
; Analysis & Synthesis Messages ;
+-------------------------------+
Info: *******************************************************************
Info: Running Quartus Prime Analysis & Synthesis
    Info: Version 20.1.1 Build 720 11/11/2020 SJ Lite Edition
    Info: Processing started: Sun Jan 26 00:43:12 2025
Info: Command: quartus_map --read_settings_files=on --write_settings_files=off Servo_Controller -c Servo_Controller
Warning (18236): Number of processors has not been specified which may cause overloading on shared machines.  Set the global assignment NUM_PARALLEL_PROCESSORS in your QSF to an appropriate value for best performance.
Info (20030): Parallel compilation is enabled and will use 4 of the 4 processors detected
Info (12021): Found 1 design units, including 1 entities, in source file pwm_generator.v
    Info (12023): Found entity 1: Base_Controller File: C:/Users/dell/Desktop/Final_E-Yantra/Main-Version-In-Use(T5)/Servo/pwm_generator.v Line: 20
Info (12021): Found 1 design units, including 1 entities, in source file servo_controller.v
    Info (12023): Found entity 1: Servo_Controller File: C:/Users/dell/Desktop/Final_E-Yantra/Main-Version-In-Use(T5)/Servo/Servo_Controller.v Line: 3
Info (12127): Elaborating entity "Servo_Controller" for the top level hierarchy
Warning (10230): Verilog HDL assignment warning at Servo_Controller.v(40): truncated value with size 32 to match size of target (4) File: C:/Users/dell/Desktop/Final_E-Yantra/Main-Version-In-Use(T5)/Servo/Servo_Controller.v Line: 40
Warning (10230): Verilog HDL assignment warning at Servo_Controller.v(44): truncated value with size 32 to match size of target (4) File: C:/Users/dell/Desktop/Final_E-Yantra/Main-Version-In-Use(T5)/Servo/Servo_Controller.v Line: 44
Warning (10230): Verilog HDL assignment warning at Servo_Controller.v(50): truncated value with size 32 to match size of target (4) File: C:/Users/dell/Desktop/Final_E-Yantra/Main-Version-In-Use(T5)/Servo/Servo_Controller.v Line: 50
Warning (10230): Verilog HDL assignment warning at Servo_Controller.v(53): truncated value with size 32 to match size of target (28) File: C:/Users/dell/Desktop/Final_E-Yantra/Main-Version-In-Use(T5)/Servo/Servo_Controller.v Line: 53
Warning (10230): Verilog HDL assignment warning at Servo_Controller.v(62): truncated value with size 32 to match size of target (28) File: C:/Users/dell/Desktop/Final_E-Yantra/Main-Version-In-Use(T5)/Servo/Servo_Controller.v Line: 62
Info (12128): Elaborating entity "Base_Controller" for hierarchy "Base_Controller:u1_Base_Controller" File: C:/Users/dell/Desktop/Final_E-Yantra/Main-Version-In-Use(T5)/Servo/Servo_Controller.v Line: 21
Warning (10230): Verilog HDL assignment warning at pwm_generator.v(35): truncated value with size 32 to match size of target (17) File: C:/Users/dell/Desktop/Final_E-Yantra/Main-Version-In-Use(T5)/Servo/pwm_generator.v Line: 35
Warning (10230): Verilog HDL assignment warning at pwm_generator.v(55): truncated value with size 32 to match size of target (17) File: C:/Users/dell/Desktop/Final_E-Yantra/Main-Version-In-Use(T5)/Servo/pwm_generator.v Line: 55
Warning (10034): Output port "led" at pwm_generator.v(27) has no driver File: C:/Users/dell/Desktop/Final_E-Yantra/Main-Version-In-Use(T5)/Servo/pwm_generator.v Line: 27
Warning (12241): 2 hierarchies have connectivity warnings - see the Connectivity Checks report folder
Info (286030): Timing-Driven Synthesis is running
Info (16010): Generating hard_block partition "hard_block:auto_generated_inst"
    Info (16011): Adding 0 node(s), including 0 DDIO, 0 PLL, 0 transceiver and 0 LCELL
Info (21057): Implemented 156 device resources after synthesis - the final resource count might be different
    Info (21058): Implemented 2 input pins
    Info (21059): Implemented 3 output pins
    Info (21061): Implemented 151 logic cells
Info: Quartus Prime Analysis & Synthesis was successful. 0 errors, 10 warnings
    Info: Peak virtual memory: 4778 megabytes
    Info: Processing ended: Sun Jan 26 00:43:27 2025
    Info: Elapsed time: 00:00:15
    Info: Total CPU time (on all processors): 00:00:39


