Analysis & Synthesis report for Black_line_following
Thu Jan 09 00:39:44 2025
Quartus Prime Version 20.1.1 Build 720 11/11/2020 SJ Lite Edition


---------------------
; Table of Contents ;
---------------------
  1. Legal Notice
  2. Analysis & Synthesis Summary
  3. Analysis & Synthesis Settings
  4. Parallel Compilation
  5. Analysis & Synthesis Source Files Read
  6. Analysis & Synthesis Resource Usage Summary
  7. Analysis & Synthesis Resource Utilization by Entity
  8. Registers Removed During Synthesis
  9. General Register Statistics
 10. Inverted Register Statistics
 11. Multiplexer Restructuring Statistics (Restructuring Performed)
 12. Parameter Settings for Inferred Entity Instance: pwm_generator:Right|lpm_divide:Div0
 13. Parameter Settings for Inferred Entity Instance: pwm_generator:Left|lpm_divide:Div0
 14. Post-Synthesis Netlist Statistics for Top Partition
 15. Elapsed Time Per Partition
 16. Analysis & Synthesis Messages



----------------
; Legal Notice ;
----------------
Copyright (C) 2020  Intel Corporation. All rights reserved.
Your use of Intel Corporation's design tools, logic functions 
and other software and tools, and any partner logic 
functions, and any output files from any of the foregoing 
(including device programming or simulation files), and any 
associated documentation or information are expressly subject 
to the terms and conditions of the Intel Program License 
Subscription Agreement, the Intel Quartus Prime License Agreement,
the Intel FPGA IP License Agreement, or other applicable license
agreement, including, without limitation, that your use is for
the sole purpose of programming logic devices manufactured by
Intel and sold by Intel or its authorized distributors.  Please
refer to the applicable agreement for further details, at
https://fpgasoftware.intel.com/eula.



+----------------------------------------------------------------------------------+
; Analysis & Synthesis Summary                                                     ;
+------------------------------------+---------------------------------------------+
; Analysis & Synthesis Status        ; Successful - Thu Jan 09 00:39:44 2025       ;
; Quartus Prime Version              ; 20.1.1 Build 720 11/11/2020 SJ Lite Edition ;
; Revision Name                      ; Black_line_following                        ;
; Top-level Entity Name              ; Black_line_following                        ;
; Family                             ; Cyclone IV E                                ;
; Total logic elements               ; 199                                         ;
;     Total combinational functions  ; 148                                         ;
;     Dedicated logic registers      ; 84                                          ;
; Total registers                    ; 84                                          ;
; Total pins                         ; 11                                          ;
; Total virtual pins                 ; 0                                           ;
; Total memory bits                  ; 0                                           ;
; Embedded Multiplier 9-bit elements ; 0                                           ;
; Total PLLs                         ; 0                                           ;
+------------------------------------+---------------------------------------------+


+----------------------------------------------------------------------------------------------------------------+
; Analysis & Synthesis Settings                                                                                  ;
+------------------------------------------------------------------+----------------------+----------------------+
; Option                                                           ; Setting              ; Default Value        ;
+------------------------------------------------------------------+----------------------+----------------------+
; Device                                                           ; EP4CE22F17C6         ;                      ;
; Top-level entity name                                            ; Black_line_following ; Black_line_following ;
; Family name                                                      ; Cyclone IV E         ; Cyclone V            ;
; Use smart compilation                                            ; Off                  ; Off                  ;
; Enable parallel Assembler and Timing Analyzer during compilation ; On                   ; On                   ;
; Enable compact report table                                      ; Off                  ; Off                  ;
; Restructure Multiplexers                                         ; Auto                 ; Auto                 ;
; Create Debugging Nodes for IP Cores                              ; Off                  ; Off                  ;
; Preserve fewer node names                                        ; On                   ; On                   ;
; Intel FPGA IP Evaluation Mode                                    ; Enable               ; Enable               ;
; Verilog Version                                                  ; Verilog_2001         ; Verilog_2001         ;
; VHDL Version                                                     ; VHDL_1993            ; VHDL_1993            ;
; State Machine Processing                                         ; Auto                 ; Auto                 ;
; Safe State Machine                                               ; Off                  ; Off                  ;
; Extract Verilog State Machines                                   ; On                   ; On                   ;
; Extract VHDL State Machines                                      ; On                   ; On                   ;
; Ignore Verilog initial constructs                                ; Off                  ; Off                  ;
; Iteration limit for constant Verilog loops                       ; 5000                 ; 5000                 ;
; Iteration limit for non-constant Verilog loops                   ; 250                  ; 250                  ;
; Add Pass-Through Logic to Inferred RAMs                          ; On                   ; On                   ;
; Infer RAMs from Raw Logic                                        ; On                   ; On                   ;
; Parallel Synthesis                                               ; On                   ; On                   ;
; DSP Block Balancing                                              ; Auto                 ; Auto                 ;
; NOT Gate Push-Back                                               ; On                   ; On                   ;
; Power-Up Don't Care                                              ; On                   ; On                   ;
; Remove Redundant Logic Cells                                     ; Off                  ; Off                  ;
; Remove Duplicate Registers                                       ; On                   ; On                   ;
; Ignore CARRY Buffers                                             ; Off                  ; Off                  ;
; Ignore CASCADE Buffers                                           ; Off                  ; Off                  ;
; Ignore GLOBAL Buffers                                            ; Off                  ; Off                  ;
; Ignore ROW GLOBAL Buffers                                        ; Off                  ; Off                  ;
; Ignore LCELL Buffers                                             ; Off                  ; Off                  ;
; Ignore SOFT Buffers                                              ; On                   ; On                   ;
; Limit AHDL Integers to 32 Bits                                   ; Off                  ; Off                  ;
; Optimization Technique                                           ; Balanced             ; Balanced             ;
; Carry Chain Length                                               ; 70                   ; 70                   ;
; Auto Carry Chains                                                ; On                   ; On                   ;
; Auto Open-Drain Pins                                             ; On                   ; On                   ;
; Perform WYSIWYG Primitive Resynthesis                            ; Off                  ; Off                  ;
; Auto ROM Replacement                                             ; On                   ; On                   ;
; Auto RAM Replacement                                             ; On                   ; On                   ;
; Auto DSP Block Replacement                                       ; On                   ; On                   ;
; Auto Shift Register Replacement                                  ; Auto                 ; Auto                 ;
; Allow Shift Register Merging across Hierarchies                  ; Auto                 ; Auto                 ;
; Auto Clock Enable Replacement                                    ; On                   ; On                   ;
; Strict RAM Replacement                                           ; Off                  ; Off                  ;
; Allow Synchronous Control Signals                                ; On                   ; On                   ;
; Force Use of Synchronous Clear Signals                           ; Off                  ; Off                  ;
; Auto RAM Block Balancing                                         ; On                   ; On                   ;
; Auto RAM to Logic Cell Conversion                                ; Off                  ; Off                  ;
; Auto Resource Sharing                                            ; Off                  ; Off                  ;
; Allow Any RAM Size For Recognition                               ; Off                  ; Off                  ;
; Allow Any ROM Size For Recognition                               ; Off                  ; Off                  ;
; Allow Any Shift Register Size For Recognition                    ; Off                  ; Off                  ;
; Use LogicLock Constraints during Resource Balancing              ; On                   ; On                   ;
; Ignore translate_off and synthesis_off directives                ; Off                  ; Off                  ;
; Timing-Driven Synthesis                                          ; On                   ; On                   ;
; Report Parameter Settings                                        ; On                   ; On                   ;
; Report Source Assignments                                        ; On                   ; On                   ;
; Report Connectivity Checks                                       ; On                   ; On                   ;
; Ignore Maximum Fan-Out Assignments                               ; Off                  ; Off                  ;
; Synchronization Register Chain Length                            ; 2                    ; 2                    ;
; Power Optimization During Synthesis                              ; Normal compilation   ; Normal compilation   ;
; HDL message level                                                ; Level2               ; Level2               ;
; Suppress Register Optimization Related Messages                  ; Off                  ; Off                  ;
; Number of Removed Registers Reported in Synthesis Report         ; 5000                 ; 5000                 ;
; Number of Swept Nodes Reported in Synthesis Report               ; 5000                 ; 5000                 ;
; Number of Inverted Registers Reported in Synthesis Report        ; 100                  ; 100                  ;
; Clock MUX Protection                                             ; On                   ; On                   ;
; Auto Gated Clock Conversion                                      ; Off                  ; Off                  ;
; Block Design Naming                                              ; Auto                 ; Auto                 ;
; SDC constraint protection                                        ; Off                  ; Off                  ;
; Synthesis Effort                                                 ; Auto                 ; Auto                 ;
; Shift Register Replacement - Allow Asynchronous Clear Signal     ; On                   ; On                   ;
; Pre-Mapping Resynthesis Optimization                             ; Off                  ; Off                  ;
; Analysis & Synthesis Message Level                               ; Medium               ; Medium               ;
; Disable Register Merging Across Hierarchies                      ; Auto                 ; Auto                 ;
; Resource Aware Inference For Block RAM                           ; On                   ; On                   ;
+------------------------------------------------------------------+----------------------+----------------------+


+------------------------------------------+
; Parallel Compilation                     ;
+----------------------------+-------------+
; Processors                 ; Number      ;
+----------------------------+-------------+
; Number detected on machine ; 8           ;
; Maximum allowed            ; 4           ;
;                            ;             ;
; Average used               ; 1.00        ;
; Maximum used               ; 4           ;
;                            ;             ;
; Usage by Processor         ; % Time Used ;
;     Processor 1            ; 100.0%      ;
;     Processors 2-4         ;   0.0%      ;
+----------------------------+-------------+


+------------------------------------------------------------------------------------------------------------------------------------------------------------------------------------------------------------------+
; Analysis & Synthesis Source Files Read                                                                                                                                                                           ;
+----------------------------------+-----------------+------------------------------------+--------------------------------------------------------------------------------------------------------------+---------+
; File Name with User-Entered Path ; Used in Netlist ; File Type                          ; File Name with Absolute Path                                                                                 ; Library ;
+----------------------------------+-----------------+------------------------------------+--------------------------------------------------------------------------------------------------------------+---------+
; ADC_Controller.v                 ; yes             ; User Verilog HDL File              ; C:/Users/dell/Desktop/Final_E-Yantra/Main-Version-In-Use(T4)/Black_line_following/ADC_Controller.v           ;         ;
; Frequency_Scaling.v              ; yes             ; User Verilog HDL File              ; C:/Users/dell/Desktop/Final_E-Yantra/Main-Version-In-Use(T4)/Black_line_following/Frequency_Scaling.v        ;         ;
; pwm_generator.v                  ; yes             ; User Verilog HDL File              ; C:/Users/dell/Desktop/Final_E-Yantra/Main-Version-In-Use(T4)/Black_line_following/pwm_generator.v            ;         ;
; Black_line_following.bdf         ; yes             ; User Block Diagram/Schematic File  ; C:/Users/dell/Desktop/Final_E-Yantra/Main-Version-In-Use(T4)/Black_line_following/Black_line_following.bdf   ;         ;
; Black_Line.v                     ; yes             ; User Verilog HDL File              ; C:/Users/dell/Desktop/Final_E-Yantra/Main-Version-In-Use(T4)/Black_line_following/Black_Line.v               ;         ;
; lpm_divide.tdf                   ; yes             ; Megafunction                       ; c:/intelfpga_lite/20.1/quartus/libraries/megafunctions/lpm_divide.tdf                                        ;         ;
; abs_divider.inc                  ; yes             ; Megafunction                       ; c:/intelfpga_lite/20.1/quartus/libraries/megafunctions/abs_divider.inc                                       ;         ;
; sign_div_unsign.inc              ; yes             ; Megafunction                       ; c:/intelfpga_lite/20.1/quartus/libraries/megafunctions/sign_div_unsign.inc                                   ;         ;
; aglobal201.inc                   ; yes             ; Megafunction                       ; c:/intelfpga_lite/20.1/quartus/libraries/megafunctions/aglobal201.inc                                        ;         ;
; db/lpm_divide_ihm.tdf            ; yes             ; Auto-Generated Megafunction        ; C:/Users/dell/Desktop/Final_E-Yantra/Main-Version-In-Use(T4)/Black_line_following/db/lpm_divide_ihm.tdf      ;         ;
; db/sign_div_unsign_akh.tdf       ; yes             ; Auto-Generated Megafunction        ; C:/Users/dell/Desktop/Final_E-Yantra/Main-Version-In-Use(T4)/Black_line_following/db/sign_div_unsign_akh.tdf ;         ;
; db/alt_u_div_84f.tdf             ; yes             ; Auto-Generated Megafunction        ; C:/Users/dell/Desktop/Final_E-Yantra/Main-Version-In-Use(T4)/Black_line_following/db/alt_u_div_84f.tdf       ;         ;
; db/add_sub_7pc.tdf               ; yes             ; Auto-Generated Megafunction        ; C:/Users/dell/Desktop/Final_E-Yantra/Main-Version-In-Use(T4)/Black_line_following/db/add_sub_7pc.tdf         ;         ;
; db/add_sub_8pc.tdf               ; yes             ; Auto-Generated Megafunction        ; C:/Users/dell/Desktop/Final_E-Yantra/Main-Version-In-Use(T4)/Black_line_following/db/add_sub_8pc.tdf         ;         ;
+----------------------------------+-----------------+------------------------------------+--------------------------------------------------------------------------------------------------------------+---------+


+----------------------------------------------------------------------------------+
; Analysis & Synthesis Resource Usage Summary                                      ;
+---------------------------------------------+------------------------------------+
; Resource                                    ; Usage                              ;
+---------------------------------------------+------------------------------------+
; Estimated Total logic elements              ; 199                                ;
;                                             ;                                    ;
; Total combinational functions               ; 148                                ;
; Logic element usage by number of LUT inputs ;                                    ;
;     -- 4 input functions                    ; 36                                 ;
;     -- 3 input functions                    ; 40                                 ;
;     -- <=2 input functions                  ; 72                                 ;
;                                             ;                                    ;
; Logic elements by mode                      ;                                    ;
;     -- normal mode                          ; 102                                ;
;     -- arithmetic mode                      ; 46                                 ;
;                                             ;                                    ;
; Total registers                             ; 84                                 ;
;     -- Dedicated logic registers            ; 84                                 ;
;     -- I/O registers                        ; 0                                  ;
;                                             ;                                    ;
; I/O pins                                    ; 11                                 ;
;                                             ;                                    ;
; Embedded Multiplier 9-bit elements          ; 0                                  ;
;                                             ;                                    ;
; Maximum fan-out node                        ; Frequency_Scaling:inst|adc_clk_out ;
; Maximum fan-out                             ; 82                                 ;
; Total fan-out                               ; 624                                ;
; Average fan-out                             ; 2.46                               ;
+---------------------------------------------+------------------------------------+


+--------------------------------------------------------------------------------------------------------------------------------------------------------------------------------------------------------------------------------------------------------------------------------------------------------------------------------------------------------+
; Analysis & Synthesis Resource Utilization by Entity                                                                                                                                                                                                                                                                                                    ;
+-------------------------------------------+---------------------+---------------------------+-------------+--------------+---------+-----------+------+--------------+-------------------------------------------------------------------------------------------------------------------------------------------+----------------------+--------------+
; Compilation Hierarchy Node                ; Combinational ALUTs ; Dedicated Logic Registers ; Memory Bits ; DSP Elements ; DSP 9x9 ; DSP 18x18 ; Pins ; Virtual Pins ; Full Hierarchy Name                                                                                                                       ; Entity Name          ; Library Name ;
+-------------------------------------------+---------------------+---------------------------+-------------+--------------+---------+-----------+------+--------------+-------------------------------------------------------------------------------------------------------------------------------------------+----------------------+--------------+
; |Black_line_following                     ; 148 (0)             ; 84 (0)                    ; 0           ; 0            ; 0       ; 0         ; 11   ; 0            ; |Black_line_following                                                                                                                     ; Black_line_following ; work         ;
;    |ADC_Controller:inst1|                 ; 27 (27)             ; 64 (64)                   ; 0           ; 0            ; 0       ; 0         ; 0    ; 0            ; |Black_line_following|ADC_Controller:inst1                                                                                                ; ADC_Controller       ; work         ;
;    |Black_Line:inst2|                     ; 19 (19)             ; 11 (11)                   ; 0           ; 0            ; 0       ; 0         ; 0    ; 0            ; |Black_line_following|Black_Line:inst2                                                                                                    ; Black_Line           ; work         ;
;    |Frequency_Scaling:inst|               ; 4 (4)               ; 4 (4)                     ; 0           ; 0            ; 0       ; 0         ; 0    ; 0            ; |Black_line_following|Frequency_Scaling:inst                                                                                              ; Frequency_Scaling    ; work         ;
;    |pwm_generator:Left|                   ; 59 (28)             ; 5 (5)                     ; 0           ; 0            ; 0       ; 0         ; 0    ; 0            ; |Black_line_following|pwm_generator:Left                                                                                                  ; pwm_generator        ; work         ;
;       |lpm_divide:Div0|                   ; 31 (0)              ; 0 (0)                     ; 0           ; 0            ; 0       ; 0         ; 0    ; 0            ; |Black_line_following|pwm_generator:Left|lpm_divide:Div0                                                                                  ; lpm_divide           ; work         ;
;          |lpm_divide_ihm:auto_generated|  ; 31 (0)              ; 0 (0)                     ; 0           ; 0            ; 0       ; 0         ; 0    ; 0            ; |Black_line_following|pwm_generator:Left|lpm_divide:Div0|lpm_divide_ihm:auto_generated                                                    ; lpm_divide_ihm       ; work         ;
;             |sign_div_unsign_akh:divider| ; 31 (0)              ; 0 (0)                     ; 0           ; 0            ; 0       ; 0         ; 0    ; 0            ; |Black_line_following|pwm_generator:Left|lpm_divide:Div0|lpm_divide_ihm:auto_generated|sign_div_unsign_akh:divider                        ; sign_div_unsign_akh  ; work         ;
;                |alt_u_div_84f:divider|    ; 31 (31)             ; 0 (0)                     ; 0           ; 0            ; 0       ; 0         ; 0    ; 0            ; |Black_line_following|pwm_generator:Left|lpm_divide:Div0|lpm_divide_ihm:auto_generated|sign_div_unsign_akh:divider|alt_u_div_84f:divider  ; alt_u_div_84f        ; work         ;
;    |pwm_generator:Right|                  ; 39 (8)              ; 0 (0)                     ; 0           ; 0            ; 0       ; 0         ; 0    ; 0            ; |Black_line_following|pwm_generator:Right                                                                                                 ; pwm_generator        ; work         ;
;       |lpm_divide:Div0|                   ; 31 (0)              ; 0 (0)                     ; 0           ; 0            ; 0       ; 0         ; 0    ; 0            ; |Black_line_following|pwm_generator:Right|lpm_divide:Div0                                                                                 ; lpm_divide           ; work         ;
;          |lpm_divide_ihm:auto_generated|  ; 31 (0)              ; 0 (0)                     ; 0           ; 0            ; 0       ; 0         ; 0    ; 0            ; |Black_line_following|pwm_generator:Right|lpm_divide:Div0|lpm_divide_ihm:auto_generated                                                   ; lpm_divide_ihm       ; work         ;
;             |sign_div_unsign_akh:divider| ; 31 (0)              ; 0 (0)                     ; 0           ; 0            ; 0       ; 0         ; 0    ; 0            ; |Black_line_following|pwm_generator:Right|lpm_divide:Div0|lpm_divide_ihm:auto_generated|sign_div_unsign_akh:divider                       ; sign_div_unsign_akh  ; work         ;
;                |alt_u_div_84f:divider|    ; 31 (31)             ; 0 (0)                     ; 0           ; 0            ; 0       ; 0         ; 0    ; 0            ; |Black_line_following|pwm_generator:Right|lpm_divide:Div0|lpm_divide_ihm:auto_generated|sign_div_unsign_akh:divider|alt_u_div_84f:divider ; alt_u_div_84f        ; work         ;
+-------------------------------------------+---------------------+---------------------------+-------------+--------------+---------+-----------+------+--------------+-------------------------------------------------------------------------------------------------------------------------------------------+----------------------+--------------+
Note: For table entries with two numbers listed, the numbers in parentheses indicate the number of resources of the given type used by the specific entity alone. The numbers listed outside of parentheses indicate the total resources of the given type used by the specific entity and all of its sub-entities in the hierarchy.


+------------------------------------------------------------------------------------------+
; Registers Removed During Synthesis                                                       ;
+----------------------------------------+-------------------------------------------------+
; Register name                          ; Reason for Removal                              ;
+----------------------------------------+-------------------------------------------------+
; Black_Line:inst2|IN3                   ; Stuck at GND due to stuck port data_in          ;
; Black_Line:inst2|pulse_widht_l[3]      ; Stuck at VCC due to stuck port data_in          ;
; Black_Line:inst2|pulse_widht_r[3]      ; Stuck at VCC due to stuck port data_in          ;
; ADC_Controller:inst1|mem1[2][1]        ; Merged with ADC_Controller:inst1|mem1[2][0]     ;
; ADC_Controller:inst1|mem1[1][2]        ; Merged with ADC_Controller:inst1|mem1[2][0]     ;
; ADC_Controller:inst1|mem1[0][0]        ; Merged with ADC_Controller:inst1|mem1[2][0]     ;
; ADC_Controller:inst1|mem1[1][0]        ; Merged with ADC_Controller:inst1|mem1[2][2]     ;
; ADC_Controller:inst1|mem1[0][2]        ; Merged with ADC_Controller:inst1|mem1[2][2]     ;
; ADC_Controller:inst1|mem1[1][1]        ; Merged with ADC_Controller:inst1|mem1[2][2]     ;
; ADC_Controller:inst1|mem1[0][1]        ; Merged with ADC_Controller:inst1|mem1[2][2]     ;
; pwm_generator:Right|pwm_counter[12]    ; Merged with pwm_generator:Left|pwm_counter[12]  ;
; pwm_generator:Right|pwm_counter[11]    ; Merged with pwm_generator:Left|pwm_counter[11]  ;
; pwm_generator:Right|pwm_counter[10]    ; Merged with pwm_generator:Left|pwm_counter[10]  ;
; pwm_generator:Right|pwm_counter[9]     ; Merged with pwm_generator:Left|pwm_counter[9]   ;
; pwm_generator:Right|pwm_counter[8]     ; Merged with pwm_generator:Left|pwm_counter[8]   ;
; pwm_generator:Right|pwm_counter[7]     ; Merged with pwm_generator:Left|pwm_counter[7]   ;
; pwm_generator:Right|pwm_counter[6]     ; Merged with pwm_generator:Left|pwm_counter[6]   ;
; pwm_generator:Right|pwm_counter[5]     ; Merged with pwm_generator:Left|pwm_counter[5]   ;
; pwm_generator:Right|pwm_counter[4]     ; Merged with pwm_generator:Left|pwm_counter[4]   ;
; pwm_generator:Right|pwm_counter[3]     ; Merged with pwm_generator:Left|pwm_counter[3]   ;
; pwm_generator:Right|pwm_counter[2]     ; Merged with pwm_generator:Left|pwm_counter[2]   ;
; pwm_generator:Right|pwm_counter[1]     ; Merged with pwm_generator:Left|pwm_counter[1]   ;
; pwm_generator:Right|pwm_counter[0]     ; Merged with pwm_generator:Left|pwm_counter[0]   ;
; ADC_Controller:inst1|mem1[2][0]        ; Stuck at VCC due to stuck port data_in          ;
; ADC_Controller:inst1|mem1[2][2]        ; Stuck at GND due to stuck port data_in          ;
; Black_Line:inst2|IN4                   ; Stuck at VCC due to stuck port data_in          ;
; ADC_Controller:inst1|channel_select[2] ; Stuck at GND due to stuck port data_in          ;
; pwm_generator:Left|pwm_counter[9]      ; Merged with pwm_generator:Left|pwm_counter[10]  ;
; pwm_generator:Left|pwm_counter[10]     ; Merged with pwm_generator:Left|pwm_counter[11]  ;
; pwm_generator:Left|pwm_counter[11]     ; Merged with pwm_generator:Left|pwm_counter[12]  ;
; ADC_Controller:inst1|data_counter[0]   ; Merged with ADC_Controller:inst1|din_counter[0] ;
; ADC_Controller:inst1|data_counter[1]   ; Merged with ADC_Controller:inst1|din_counter[1] ;
; ADC_Controller:inst1|data_counter[2]   ; Merged with ADC_Controller:inst1|din_counter[2] ;
; ADC_Controller:inst1|data_counter[3]   ; Merged with ADC_Controller:inst1|din_counter[3] ;
; pwm_generator:Left|pwm_counter[4]      ; Merged with pwm_generator:Left|pwm_counter[5]   ;
; pwm_generator:Left|pwm_counter[5]      ; Merged with pwm_generator:Left|pwm_counter[6]   ;
; pwm_generator:Left|pwm_counter[6]      ; Merged with pwm_generator:Left|pwm_counter[12]  ;
; pwm_generator:Left|pwm_counter[12]     ; Merged with pwm_generator:Left|pwm_counter[8]   ;
; pwm_generator:Left|pwm_counter[8]      ; Merged with pwm_generator:Left|pwm_counter[7]   ;
; Total Number of Removed Registers = 39 ;                                                 ;
+----------------------------------------+-------------------------------------------------+


+------------------------------------------------------+
; General Register Statistics                          ;
+----------------------------------------------+-------+
; Statistic                                    ; Value ;
+----------------------------------------------+-------+
; Total registers                              ; 84    ;
; Number of registers using Synchronous Clear  ; 0     ;
; Number of registers using Synchronous Load   ; 0     ;
; Number of registers using Asynchronous Clear ; 0     ;
; Number of registers using Asynchronous Load  ; 0     ;
; Number of registers using Clock Enable       ; 56    ;
; Number of registers using Preset             ; 0     ;
+----------------------------------------------+-------+


+---------------------------------------------------+
; Inverted Register Statistics                      ;
+-----------------------------------------+---------+
; Inverted Register                       ; Fan out ;
+-----------------------------------------+---------+
; pwm_generator:Left|pwm_counter[7]       ; 15      ;
; pwm_generator:Left|pwm_counter[3]       ; 3       ;
; Black_Line:inst2|pulse_widht_r[1]       ; 3       ;
; pwm_generator:Left|pwm_counter[2]       ; 3       ;
; pwm_generator:Left|pwm_counter[1]       ; 3       ;
; pwm_generator:Left|pwm_counter[0]       ; 3       ;
; Black_Line:inst2|pulse_widht_l[1]       ; 3       ;
; Black_Line:inst2|IN2                    ; 1       ;
; ADC_Controller:inst1|adc_cs             ; 2       ;
; Black_Line:inst2|ext_centre             ; 7       ;
; Black_Line:inst2|ext_left               ; 7       ;
; Black_Line:inst2|ext_right              ; 1       ;
; Total number of inverted registers = 12 ;         ;
+-----------------------------------------+---------+


+----------------------------------------------------------------------------------------------------------------------------------------------------------------------------+
; Multiplexer Restructuring Statistics (Restructuring Performed)                                                                                                             ;
+--------------------+-----------+---------------+----------------------+------------------------+------------+--------------------------------------------------------------+
; Multiplexer Inputs ; Bus Width ; Baseline Area ; Area if Restructured ; Saving if Restructured ; Registered ; Example Multiplexer Output                                   ;
+--------------------+-----------+---------------+----------------------+------------------------+------------+--------------------------------------------------------------+
; 3:1                ; 3 bits    ; 6 LEs         ; 3 LEs                ; 3 LEs                  ; Yes        ; |Black_line_following|ADC_Controller:inst1|channel_select[2] ;
; 8:1                ; 5 bits    ; 25 LEs        ; 10 LEs               ; 15 LEs                 ; Yes        ; |Black_line_following|Black_Line:inst2|pulse_widht_r[2]      ;
; 8:1                ; 4 bits    ; 20 LEs        ; 8 LEs                ; 12 LEs                 ; Yes        ; |Black_line_following|Black_Line:inst2|pulse_widht_l[1]      ;
; 4:1                ; 3 bits    ; 6 LEs         ; 6 LEs                ; 0 LEs                  ; No         ; |Black_line_following|ADC_Controller:inst1|channel           ;
+--------------------+-----------+---------------+----------------------+------------------------+------------+--------------------------------------------------------------+


+--------------------------------------------------------------------------------------+
; Parameter Settings for Inferred Entity Instance: pwm_generator:Right|lpm_divide:Div0 ;
+------------------------+----------------+--------------------------------------------+
; Parameter Name         ; Value          ; Type                                       ;
+------------------------+----------------+--------------------------------------------+
; LPM_WIDTHN             ; 7              ; Untyped                                    ;
; LPM_WIDTHD             ; 4              ; Untyped                                    ;
; LPM_NREPRESENTATION    ; UNSIGNED       ; Untyped                                    ;
; LPM_DREPRESENTATION    ; UNSIGNED       ; Untyped                                    ;
; LPM_PIPELINE           ; 0              ; Untyped                                    ;
; LPM_REMAINDERPOSITIVE  ; TRUE           ; Untyped                                    ;
; MAXIMIZE_SPEED         ; 5              ; Untyped                                    ;
; CBXI_PARAMETER         ; lpm_divide_ihm ; Untyped                                    ;
; CARRY_CHAIN            ; MANUAL         ; Untyped                                    ;
; OPTIMIZE_FOR_SPEED     ; 5              ; Untyped                                    ;
; AUTO_CARRY_CHAINS      ; ON             ; AUTO_CARRY                                 ;
; IGNORE_CARRY_BUFFERS   ; OFF            ; IGNORE_CARRY                               ;
; AUTO_CASCADE_CHAINS    ; ON             ; AUTO_CASCADE                               ;
; IGNORE_CASCADE_BUFFERS ; OFF            ; IGNORE_CASCADE                             ;
+------------------------+----------------+--------------------------------------------+
Note: In order to hide this table in the UI and the text report file, please set the "Show Parameter Settings in Synthesis Report" option in "Analysis and Synthesis Settings -> More Settings" to "Off".


+-------------------------------------------------------------------------------------+
; Parameter Settings for Inferred Entity Instance: pwm_generator:Left|lpm_divide:Div0 ;
+------------------------+----------------+-------------------------------------------+
; Parameter Name         ; Value          ; Type                                      ;
+------------------------+----------------+-------------------------------------------+
; LPM_WIDTHN             ; 7              ; Untyped                                   ;
; LPM_WIDTHD             ; 4              ; Untyped                                   ;
; LPM_NREPRESENTATION    ; UNSIGNED       ; Untyped                                   ;
; LPM_DREPRESENTATION    ; UNSIGNED       ; Untyped                                   ;
; LPM_PIPELINE           ; 0              ; Untyped                                   ;
; LPM_REMAINDERPOSITIVE  ; TRUE           ; Untyped                                   ;
; MAXIMIZE_SPEED         ; 5              ; Untyped                                   ;
; CBXI_PARAMETER         ; lpm_divide_ihm ; Untyped                                   ;
; CARRY_CHAIN            ; MANUAL         ; Untyped                                   ;
; OPTIMIZE_FOR_SPEED     ; 5              ; Untyped                                   ;
; AUTO_CARRY_CHAINS      ; ON             ; AUTO_CARRY                                ;
; IGNORE_CARRY_BUFFERS   ; OFF            ; IGNORE_CARRY                              ;
; AUTO_CASCADE_CHAINS    ; ON             ; AUTO_CASCADE                              ;
; IGNORE_CASCADE_BUFFERS ; OFF            ; IGNORE_CASCADE                            ;
+------------------------+----------------+-------------------------------------------+
Note: In order to hide this table in the UI and the text report file, please set the "Show Parameter Settings in Synthesis Report" option in "Analysis and Synthesis Settings -> More Settings" to "Off".


+-----------------------------------------------------+
; Post-Synthesis Netlist Statistics for Top Partition ;
+-----------------------+-----------------------------+
; Type                  ; Count                       ;
+-----------------------+-----------------------------+
; boundary_port         ; 11                          ;
; cycloneiii_ff         ; 84                          ;
;     ENA               ; 56                          ;
;     plain             ; 28                          ;
; cycloneiii_lcell_comb ; 152                         ;
;     arith             ; 46                          ;
;         1 data inputs ; 2                           ;
;         2 data inputs ; 18                          ;
;         3 data inputs ; 26                          ;
;     normal            ; 106                         ;
;         0 data inputs ; 10                          ;
;         1 data inputs ; 9                           ;
;         2 data inputs ; 37                          ;
;         3 data inputs ; 14                          ;
;         4 data inputs ; 36                          ;
;                       ;                             ;
; Max LUT depth         ; 10.80                       ;
; Average LUT depth     ; 5.36                        ;
+-----------------------+-----------------------------+


+-------------------------------+
; Elapsed Time Per Partition    ;
+----------------+--------------+
; Partition Name ; Elapsed Time ;
+----------------+--------------+
; Top            ; 00:00:00     ;
+----------------+--------------+


+-------------------------------+
; Analysis & Synthesis Messages ;
+-------------------------------+
Info: *******************************************************************
Info: Running Quartus Prime Analysis & Synthesis
    Info: Version 20.1.1 Build 720 11/11/2020 SJ Lite Edition
    Info: Processing started: Thu Jan 09 00:39:33 2025
Info: Command: quartus_map --read_settings_files=on --write_settings_files=off Black_line_following -c Black_line_following
Warning (18236): Number of processors has not been specified which may cause overloading on shared machines.  Set the global assignment NUM_PARALLEL_PROCESSORS in your QSF to an appropriate value for best performance.
Info (20030): Parallel compilation is enabled and will use 4 of the 4 processors detected
Info (12021): Found 1 design units, including 1 entities, in source file adc_controller.v
    Info (12023): Found entity 1: ADC_Controller File: C:/Users/dell/Desktop/Final_E-Yantra/Main-Version-In-Use(T4)/Black_line_following/ADC_Controller.v Line: 20
Info (12021): Found 1 design units, including 1 entities, in source file frequency_scaling.v
    Info (12023): Found entity 1: Frequency_Scaling File: C:/Users/dell/Desktop/Final_E-Yantra/Main-Version-In-Use(T4)/Black_line_following/Frequency_Scaling.v Line: 14
Info (12021): Found 1 design units, including 1 entities, in source file pwm_generator.v
    Info (12023): Found entity 1: pwm_generator File: C:/Users/dell/Desktop/Final_E-Yantra/Main-Version-In-Use(T4)/Black_line_following/pwm_generator.v Line: 20
Info (12021): Found 1 design units, including 1 entities, in source file black_line_following.bdf
    Info (12023): Found entity 1: Black_line_following
Info (12021): Found 1 design units, including 1 entities, in source file black_line.v
    Info (12023): Found entity 1: Black_Line File: C:/Users/dell/Desktop/Final_E-Yantra/Main-Version-In-Use(T4)/Black_line_following/Black_Line.v Line: 20
Info (12127): Elaborating entity "Black_line_following" for the top level hierarchy
Info (12128): Elaborating entity "pwm_generator" for hierarchy "pwm_generator:Right"
Warning (10230): Verilog HDL assignment warning at pwm_generator.v(32): truncated value with size 32 to match size of target (13) File: C:/Users/dell/Desktop/Final_E-Yantra/Main-Version-In-Use(T4)/Black_line_following/pwm_generator.v Line: 32
Info (12128): Elaborating entity "Frequency_Scaling" for hierarchy "Frequency_Scaling:inst"
Info (12128): Elaborating entity "Black_Line" for hierarchy "Black_Line:inst2"
Warning (10036): Verilog HDL or VHDL warning at Black_Line.v(34): object "left" assigned a value but never read File: C:/Users/dell/Desktop/Final_E-Yantra/Main-Version-In-Use(T4)/Black_line_following/Black_Line.v Line: 34
Warning (10036): Verilog HDL or VHDL warning at Black_Line.v(34): object "right" assigned a value but never read File: C:/Users/dell/Desktop/Final_E-Yantra/Main-Version-In-Use(T4)/Black_line_following/Black_Line.v Line: 34
Warning (10036): Verilog HDL or VHDL warning at Black_Line.v(34): object "centre" assigned a value but never read File: C:/Users/dell/Desktop/Final_E-Yantra/Main-Version-In-Use(T4)/Black_line_following/Black_Line.v Line: 34
Info (12128): Elaborating entity "ADC_Controller" for hierarchy "ADC_Controller:inst1"
Info (278001): Inferred 2 megafunctions from design logic
    Info (278004): Inferred divider/modulo megafunction ("lpm_divide") from the following logic: "pwm_generator:Right|Div0" File: C:/Users/dell/Desktop/Final_E-Yantra/Main-Version-In-Use(T4)/Black_line_following/pwm_generator.v Line: 42
    Info (278004): Inferred divider/modulo megafunction ("lpm_divide") from the following logic: "pwm_generator:Left|Div0" File: C:/Users/dell/Desktop/Final_E-Yantra/Main-Version-In-Use(T4)/Black_line_following/pwm_generator.v Line: 42
Info (12130): Elaborated megafunction instantiation "pwm_generator:Right|lpm_divide:Div0" File: C:/Users/dell/Desktop/Final_E-Yantra/Main-Version-In-Use(T4)/Black_line_following/pwm_generator.v Line: 42
Info (12133): Instantiated megafunction "pwm_generator:Right|lpm_divide:Div0" with the following parameter: File: C:/Users/dell/Desktop/Final_E-Yantra/Main-Version-In-Use(T4)/Black_line_following/pwm_generator.v Line: 42
    Info (12134): Parameter "LPM_WIDTHN" = "7"
    Info (12134): Parameter "LPM_WIDTHD" = "4"
    Info (12134): Parameter "LPM_NREPRESENTATION" = "UNSIGNED"
    Info (12134): Parameter "LPM_DREPRESENTATION" = "UNSIGNED"
Info (12021): Found 1 design units, including 1 entities, in source file db/lpm_divide_ihm.tdf
    Info (12023): Found entity 1: lpm_divide_ihm File: C:/Users/dell/Desktop/Final_E-Yantra/Main-Version-In-Use(T4)/Black_line_following/db/lpm_divide_ihm.tdf Line: 25
Info (12021): Found 1 design units, including 1 entities, in source file db/sign_div_unsign_akh.tdf
    Info (12023): Found entity 1: sign_div_unsign_akh File: C:/Users/dell/Desktop/Final_E-Yantra/Main-Version-In-Use(T4)/Black_line_following/db/sign_div_unsign_akh.tdf Line: 25
Info (12021): Found 1 design units, including 1 entities, in source file db/alt_u_div_84f.tdf
    Info (12023): Found entity 1: alt_u_div_84f File: C:/Users/dell/Desktop/Final_E-Yantra/Main-Version-In-Use(T4)/Black_line_following/db/alt_u_div_84f.tdf Line: 27
Info (12021): Found 1 design units, including 1 entities, in source file db/add_sub_7pc.tdf
    Info (12023): Found entity 1: add_sub_7pc File: C:/Users/dell/Desktop/Final_E-Yantra/Main-Version-In-Use(T4)/Black_line_following/db/add_sub_7pc.tdf Line: 23
Info (12021): Found 1 design units, including 1 entities, in source file db/add_sub_8pc.tdf
    Info (12023): Found entity 1: add_sub_8pc File: C:/Users/dell/Desktop/Final_E-Yantra/Main-Version-In-Use(T4)/Black_line_following/db/add_sub_8pc.tdf Line: 23
Warning (13024): Output pins are stuck at VCC or GND
    Warning (13410): Pin "IN3" is stuck at GND
    Warning (13410): Pin "IN4" is stuck at VCC
Info (286030): Timing-Driven Synthesis is running
Info (16010): Generating hard_block partition "hard_block:auto_generated_inst"
    Info (16011): Adding 0 node(s), including 0 DDIO, 0 PLL, 0 transceiver and 0 LCELL
Info (21057): Implemented 214 device resources after synthesis - the final resource count might be different
    Info (21058): Implemented 2 input pins
    Info (21059): Implemented 9 output pins
    Info (21061): Implemented 203 logic cells
Info: Quartus Prime Analysis & Synthesis was successful. 0 errors, 8 warnings
    Info: Peak virtual memory: 4769 megabytes
    Info: Processing ended: Thu Jan 09 00:39:44 2025
    Info: Elapsed time: 00:00:11
    Info: Total CPU time (on all processors): 00:00:16


